[debug] [2025-09-06T04:28:51.457Z] ----------------------------------------------------------------------
[debug] [2025-09-06T04:28:51.468Z] Command:       C:\nvm4w\nodejs\node.exe C:\Users\mishr\AppData\Roaming\npm\node_modules\firebase-tools\lib\bin\firebase.js deploy
[debug] [2025-09-06T04:28:51.469Z] CLI Version:   14.15.1
[debug] [2025-09-06T04:28:51.469Z] Platform:      win32
[debug] [2025-09-06T04:28:51.469Z] Node Version:  v22.19.0
[debug] [2025-09-06T04:28:51.470Z] Time:          Sat Sep 06 2025 09:58:51 GMT+0530 (India Standard Time)
[debug] [2025-09-06T04:28:51.470Z] ----------------------------------------------------------------------
[debug] 
[debug] [2025-09-06T04:28:51.700Z] > command requires scopes: ["email","openid","https://www.googleapis.com/auth/cloudplatformprojects.readonly","https://www.googleapis.com/auth/firebase","https://www.googleapis.com/auth/cloud-platform"]
[debug] [2025-09-06T04:28:51.701Z] > authorizing via signed-in user (mishradevshlok81@gmail.com)
[debug] [2025-09-06T04:28:51.701Z] [iam] checking project apex-fitness-9b7b2 for permissions ["cloudfunctions.functions.create","cloudfunctions.functions.delete","cloudfunctions.functions.get","cloudfunctions.functions.list","cloudfunctions.functions.update","cloudfunctions.operations.get","firebase.projects.get","firebasehosting.sites.update"]
[debug] [2025-09-06T04:28:51.702Z] Checked if tokens are valid: true, expires at: 1757134874095
[debug] [2025-09-06T04:28:51.702Z] Checked if tokens are valid: true, expires at: 1757134874095
[debug] [2025-09-06T04:28:51.703Z] >>> [apiv2][query] POST https://cloudresourcemanager.googleapis.com/v1/projects/apex-fitness-9b7b2:testIamPermissions [none]
[debug] [2025-09-06T04:28:51.703Z] >>> [apiv2][(partial)header] POST https://cloudresourcemanager.googleapis.com/v1/projects/apex-fitness-9b7b2:testIamPermissions x-goog-quota-user=projects/apex-fitness-9b7b2
[debug] [2025-09-06T04:28:51.703Z] >>> [apiv2][body] POST https://cloudresourcemanager.googleapis.com/v1/projects/apex-fitness-9b7b2:testIamPermissions {"permissions":["cloudfunctions.functions.create","cloudfunctions.functions.delete","cloudfunctions.functions.get","cloudfunctions.functions.list","cloudfunctions.functions.update","cloudfunctions.operations.get","firebase.projects.get","firebasehosting.sites.update"]}
[debug] [2025-09-06T04:28:53.394Z] <<< [apiv2][status] POST https://cloudresourcemanager.googleapis.com/v1/projects/apex-fitness-9b7b2:testIamPermissions 200
[debug] [2025-09-06T04:28:53.394Z] <<< [apiv2][body] POST https://cloudresourcemanager.googleapis.com/v1/projects/apex-fitness-9b7b2:testIamPermissions {"permissions":["cloudfunctions.functions.create","cloudfunctions.functions.delete","cloudfunctions.functions.get","cloudfunctions.functions.list","cloudfunctions.functions.update","cloudfunctions.operations.get","firebase.projects.get","firebasehosting.sites.update"]}
[debug] [2025-09-06T04:28:53.395Z] Checked if tokens are valid: true, expires at: 1757134874095
[debug] [2025-09-06T04:28:53.395Z] Checked if tokens are valid: true, expires at: 1757134874095
[debug] [2025-09-06T04:28:53.395Z] >>> [apiv2][query] POST https://iam.googleapis.com/v1/projects/apex-fitness-9b7b2/serviceAccounts/apex-fitness-9b7b2@appspot.gserviceaccount.com:testIamPermissions [none]
[debug] [2025-09-06T04:28:53.395Z] >>> [apiv2][body] POST https://iam.googleapis.com/v1/projects/apex-fitness-9b7b2/serviceAccounts/apex-fitness-9b7b2@appspot.gserviceaccount.com:testIamPermissions {"permissions":["iam.serviceAccounts.actAs"]}
[debug] [2025-09-06T04:28:55.207Z] <<< [apiv2][status] POST https://iam.googleapis.com/v1/projects/apex-fitness-9b7b2/serviceAccounts/apex-fitness-9b7b2@appspot.gserviceaccount.com:testIamPermissions 200
[debug] [2025-09-06T04:28:55.207Z] <<< [apiv2][body] POST https://iam.googleapis.com/v1/projects/apex-fitness-9b7b2/serviceAccounts/apex-fitness-9b7b2@appspot.gserviceaccount.com:testIamPermissions {"permissions":["iam.serviceAccounts.actAs"]}
[debug] [2025-09-06T04:28:55.208Z] Checked if tokens are valid: true, expires at: 1757134874095
[debug] [2025-09-06T04:28:55.208Z] Checked if tokens are valid: true, expires at: 1757134874095
[debug] [2025-09-06T04:28:55.208Z] >>> [apiv2][query] GET https://firebase.googleapis.com/v1beta1/projects/apex-fitness-9b7b2 [none]
[debug] [2025-09-06T04:28:55.992Z] <<< [apiv2][status] GET https://firebase.googleapis.com/v1beta1/projects/apex-fitness-9b7b2 200
[debug] [2025-09-06T04:28:55.992Z] <<< [apiv2][body] GET https://firebase.googleapis.com/v1beta1/projects/apex-fitness-9b7b2 {"projectId":"apex-fitness-9b7b2","projectNumber":"304117910465","displayName":"apex-fitness","name":"projects/apex-fitness-9b7b2","resources":{"hostingSite":"apex-fitness-9b7b2"},"state":"ACTIVE","etag":"1_c318c8c7-4bec-4384-a658-1fec0913d07a"}
[info] 
[info] === Deploying to 'apex-fitness-9b7b2'...
[info] 
[info] i  deploying functions, hosting 
[info] Running command: npm --prefix "$RESOURCE_DIR" run build
[info] +  functions: Finished running predeploy script. 
[debug] [2025-09-06T04:29:04.940Z] Checked if tokens are valid: true, expires at: 1757134874095
[debug] [2025-09-06T04:29:04.940Z] Checked if tokens are valid: true, expires at: 1757134874095
[debug] [2025-09-06T04:29:04.940Z] >>> [apiv2][query] GET https://cloudresourcemanager.googleapis.com/v1/projects/apex-fitness-9b7b2 [none]
[debug] [2025-09-06T04:29:06.564Z] <<< [apiv2][status] GET https://cloudresourcemanager.googleapis.com/v1/projects/apex-fitness-9b7b2 200
[debug] [2025-09-06T04:29:06.564Z] <<< [apiv2][body] GET https://cloudresourcemanager.googleapis.com/v1/projects/apex-fitness-9b7b2 {"projectNumber":"304117910465","projectId":"apex-fitness-9b7b2","lifecycleState":"ACTIVE","name":"apex-fitness","labels":{"firebase":"enabled","firebase-core":"disabled"},"createTime":"2025-09-02T14:16:26.490019Z"}
[info] i  functions: preparing codebase default for deployment 
[info] i  functions: ensuring required API cloudfunctions.googleapis.com is enabled... 
[info] i  functions: ensuring required API cloudbuild.googleapis.com is enabled... 
[info] i  artifactregistry: ensuring required API artifactregistry.googleapis.com is enabled... 
[debug] [2025-09-06T04:29:06.572Z] Checked if tokens are valid: true, expires at: 1757134874095
[debug] [2025-09-06T04:29:06.573Z] Checked if tokens are valid: true, expires at: 1757134874095
[debug] [2025-09-06T04:29:06.573Z] >>> [apiv2][query] GET https://firebase.googleapis.com/v1beta1/projects/apex-fitness-9b7b2/adminSdkConfig [none]
[debug] [2025-09-06T04:29:07.125Z] <<< [apiv2][status] GET https://firebase.googleapis.com/v1beta1/projects/apex-fitness-9b7b2/adminSdkConfig 200
[debug] [2025-09-06T04:29:07.125Z] <<< [apiv2][body] GET https://firebase.googleapis.com/v1beta1/projects/apex-fitness-9b7b2/adminSdkConfig {"projectId":"apex-fitness-9b7b2","storageBucket":"apex-fitness-9b7b2.firebasestorage.app"}
[debug] [2025-09-06T04:29:07.126Z] Checked if tokens are valid: true, expires at: 1757134874095
[debug] [2025-09-06T04:29:07.126Z] Checked if tokens are valid: true, expires at: 1757134874095
[debug] [2025-09-06T04:29:07.127Z] >>> [apiv2][query] GET https://runtimeconfig.googleapis.com/v1beta1/projects/apex-fitness-9b7b2/configs [none]
[debug] [2025-09-06T04:29:07.600Z] <<< [apiv2][status] GET https://runtimeconfig.googleapis.com/v1beta1/projects/apex-fitness-9b7b2/configs 200
[debug] [2025-09-06T04:29:07.601Z] <<< [apiv2][body] GET https://runtimeconfig.googleapis.com/v1beta1/projects/apex-fitness-9b7b2/configs {}
[debug] [2025-09-06T04:29:07.606Z] Validating nodejs source
[debug] [2025-09-06T04:29:09.572Z] > [functions] package.json contents: {
  "name": "functions",
  "scripts": {
    "build": "tsc",
    "build:watch": "tsc --watch",
    "serve": "npm run build && firebase emulators:start --only functions",
    "shell": "npm run build && firebase functions:shell",
    "start": "npm run shell",
    "deploy": "firebase deploy --only functions",
    "logs": "firebase functions:log"
  },
  "engines": {
    "node": "22"
  },
  "main": "lib/index.js",
  "dependencies": {
    "@hookform/resolvers": "^3.10.0",
    "@jridgewell/trace-mapping": "^0.3.25",
    "@neondatabase/serverless": "^0.10.4",
    "@radix-ui/react-accordion": "^1.2.4",
    "@radix-ui/react-alert-dialog": "^1.1.7",
    "@radix-ui/react-aspect-ratio": "^1.1.3",
    "@radix-ui/react-avatar": "^1.1.4",
    "@radix-ui/react-checkbox": "^1.1.5",
    "@radix-ui/react-collapsible": "^1.1.4",
    "@radix-ui/react-context-menu": "^2.2.7",
    "@radix-ui/react-dialog": "^1.1.7",
    "@radix-ui/react-dropdown-menu": "^2.1.7",
    "@radix-ui/react-hover-card": "^1.1.7",
    "@radix-ui/react-label": "^2.1.3",
    "@radix-ui/react-menubar": "^1.1.7",
    "@radix-ui/react-navigation-menu": "^1.2.6",
    "@radix-ui/react-popover": "^1.1.7",
    "@radix-ui/react-progress": "^1.1.3",
    "@radix-ui/react-radio-group": "^1.2.4",
    "@radix-ui/react-scroll-area": "^1.2.4",
    "@radix-ui/react-select": "^2.1.7",
    "@radix-ui/react-separator": "^1.1.3",
    "@radix-ui/react-slider": "^1.2.4",
    "@radix-ui/react-slot": "^1.2.0",
    "@radix-ui/react-switch": "^1.1.4",
    "@radix-ui/react-tabs": "^1.1.4",
    "@radix-ui/react-toast": "^1.2.7",
    "@radix-ui/react-toggle": "^1.1.3",
    "@radix-ui/react-toggle-group": "^1.1.3",
    "@radix-ui/react-tooltip": "^1.2.0",
    "@tanstack/react-query": "^5.60.5",
    "bcryptjs": "^2.4.3",
    "class-variance-authority": "^0.7.1",
    "clsx": "^2.1.1",
    "cmdk": "^1.1.1",
    "connect-pg-simple": "^10.0.0",
    "@google-cloud/connect-firestore": "^3.0.0",
    "date-fns": "^3.6.0",
    "drizzle-orm": "^0.39.1",
    "drizzle-zod": "^0.7.0",
    "embla-carousel-react": "^8.6.0",
    "express": "^4.21.2",
    "express-session": "^1.18.1",
    "firebase-admin": "^12.6.0",
    "firebase-functions": "^6.0.1",
    "framer-motion": "^11.13.1",
    "input-otp": "^1.4.2",
    "lucide-react": "^0.453.0",
    "memorystore": "^1.6.7",
    "nanoid": "^5.1.5",
    "next-themes": "^0.4.6",
    "passport": "^0.7.0",
    "passport-local": "^1.0.0",
    "react": "^18.3.1",
    "react-day-picker": "^8.10.1",
    "react-dom": "^18.3.1",
    "react-hook-form": "^7.55.0",
    "react-icons": "^5.4.0",
    "react-resizable-panels": "^2.1.7",
    "recharts": "^2.15.2",
    "tailwind-merge": "^2.6.0",
    "tailwindcss-animate": "^1.0.7",
    "tw-animate-css": "^1.2.5",
    "vaul": "^1.1.2",
    "wouter": "^3.3.5",
    "ws": "^8.18.0",
    "zod": "^3.24.2",
    "zod-validation-error": "^3.4.0"
  },
  "devDependencies": {
    "@types/bcryptjs": "^2.4.6",
    "firebase-functions-test": "^3.1.0",
    "typescript": "^5.7.3"
  },
  "private": true
}
[debug] [2025-09-06T04:29:09.572Z] Building nodejs source
[info] i  functions: Loading and analyzing source code for codebase default to determine what to deploy 
[debug] [2025-09-06T04:29:09.575Z] Could not find functions.yaml. Must use http discovery
[debug] [2025-09-06T04:29:09.596Z] Found firebase-functions binary at 'C:\Users\mishr\Desktop\Apex Fitness\functions\node_modules\.bin\firebase-functions'
[info] Serving at port 8954

[debug] [2025-09-06T04:29:17.574Z] Got response from /__/functions.yaml {"endpoints":{"api":{"availableMemoryMb":null,"timeoutSeconds":null,"minInstances":null,"maxInstances":10,"ingressSettings":null,"concurrency":null,"serviceAccountEmail":null,"vpc":null,"platform":"gcfv2","labels":{},"httpsTrigger":{},"entryPoint":"api"}},"specVersion":"v1alpha1","requiredAPIs":[],"extensions":{}}
[info] i  extensions: ensuring required API firebaseextensions.googleapis.com is enabled... 
[debug] [2025-09-06T04:29:21.621Z] > command requires scopes: ["email","openid","https://www.googleapis.com/auth/cloudplatformprojects.readonly","https://www.googleapis.com/auth/firebase","https://www.googleapis.com/auth/cloud-platform"]
[debug] [2025-09-06T04:29:21.621Z] > authorizing via signed-in user (mishradevshlok81@gmail.com)
[debug] [2025-09-06T04:29:21.621Z] [iam] checking project apex-fitness-9b7b2 for permissions ["firebase.projects.get","firebaseextensions.instances.list"]
[debug] [2025-09-06T04:29:21.621Z] Checked if tokens are valid: true, expires at: 1757134874095
[debug] [2025-09-06T04:29:21.621Z] Checked if tokens are valid: true, expires at: 1757134874095
[debug] [2025-09-06T04:29:21.621Z] >>> [apiv2][query] POST https://cloudresourcemanager.googleapis.com/v1/projects/apex-fitness-9b7b2:testIamPermissions [none]
[debug] [2025-09-06T04:29:21.621Z] >>> [apiv2][(partial)header] POST https://cloudresourcemanager.googleapis.com/v1/projects/apex-fitness-9b7b2:testIamPermissions x-goog-quota-user=projects/apex-fitness-9b7b2
[debug] [2025-09-06T04:29:21.621Z] >>> [apiv2][body] POST https://cloudresourcemanager.googleapis.com/v1/projects/apex-fitness-9b7b2:testIamPermissions {"permissions":["firebase.projects.get","firebaseextensions.instances.list"]}
[debug] [2025-09-06T04:29:23.262Z] <<< [apiv2][status] POST https://cloudresourcemanager.googleapis.com/v1/projects/apex-fitness-9b7b2:testIamPermissions 200
[debug] [2025-09-06T04:29:23.262Z] <<< [apiv2][body] POST https://cloudresourcemanager.googleapis.com/v1/projects/apex-fitness-9b7b2:testIamPermissions {"permissions":["firebase.projects.get","firebaseextensions.instances.list"]}
[debug] [2025-09-06T04:29:23.263Z] Checked if tokens are valid: true, expires at: 1757134874095
[debug] [2025-09-06T04:29:23.263Z] Checked if tokens are valid: true, expires at: 1757134874095
[debug] [2025-09-06T04:29:23.263Z] >>> [apiv2][query] GET https://firebaseextensions.googleapis.com/v1beta/projects/apex-fitness-9b7b2/instances pageSize=100&pageToken=
[debug] [2025-09-06T04:29:24.978Z] <<< [apiv2][status] GET https://firebaseextensions.googleapis.com/v1beta/projects/apex-fitness-9b7b2/instances 200
[debug] [2025-09-06T04:29:24.979Z] <<< [apiv2][body] GET https://firebaseextensions.googleapis.com/v1beta/projects/apex-fitness-9b7b2/instances {}
[info] i  functions: preparing functions directory for uploading... 
[info] i  functions: packaged C:\Users\mishr\Desktop\Apex Fitness\functions (60.91 KB) for uploading 
[debug] [2025-09-06T04:29:25.035Z] Checked if tokens are valid: true, expires at: 1757134874095
[debug] [2025-09-06T04:29:25.035Z] Checked if tokens are valid: true, expires at: 1757134874095
[debug] [2025-09-06T04:29:25.035Z] >>> [apiv2][query] GET https://cloudfunctions.googleapis.com/v1/projects/apex-fitness-9b7b2/locations/-/functions [none]
[debug] [2025-09-06T04:29:25.897Z] <<< [apiv2][status] GET https://cloudfunctions.googleapis.com/v1/projects/apex-fitness-9b7b2/locations/-/functions 200
[debug] [2025-09-06T04:29:25.897Z] <<< [apiv2][body] GET https://cloudfunctions.googleapis.com/v1/projects/apex-fitness-9b7b2/locations/-/functions {}
[debug] [2025-09-06T04:29:25.897Z] Checked if tokens are valid: true, expires at: 1757134874095
[debug] [2025-09-06T04:29:25.897Z] Checked if tokens are valid: true, expires at: 1757134874095
[debug] [2025-09-06T04:29:25.898Z] >>> [apiv2][query] GET https://cloudfunctions.googleapis.com/v2/projects/apex-fitness-9b7b2/locations/-/functions filter=environment%3D%22GEN_2%22
[debug] [2025-09-06T04:29:27.560Z] <<< [apiv2][status] GET https://cloudfunctions.googleapis.com/v2/projects/apex-fitness-9b7b2/locations/-/functions 200
[debug] [2025-09-06T04:29:27.560Z] <<< [apiv2][body] GET https://cloudfunctions.googleapis.com/v2/projects/apex-fitness-9b7b2/locations/-/functions {"functions":[{"name":"projects/apex-fitness-9b7b2/locations/us-central1/functions/api","buildConfig":{"build":"projects/304117910465/locations/us-central1/builds/86b8247a-6243-4d24-be50-7c7d64212319","runtime":"nodejs22","entryPoint":"api","source":{"storageSource":{"bucket":"gcf-v2-sources-304117910465-us-central1","object":"api/function-source.zip","generation":"1757131318618029"}},"environmentVariables":{"GOOGLE_NODE_RUN_SCRIPTS":""},"dockerRepository":"projects/apex-fitness-9b7b2/locations/us-central1/repositories/gcf-artifacts","sourceProvenance":{"resolvedStorageSource":{"bucket":"gcf-v2-sources-304117910465-us-central1","object":"api/function-source.zip","generation":"1757131318618029"}},"dockerRegistry":"ARTIFACT_REGISTRY","serviceAccount":"projects/apex-fitness-9b7b2/serviceAccounts/304117910465-compute@developer.gserviceaccount.com","automaticUpdatePolicy":{}},"serviceConfig":{"service":"projects/apex-fitness-9b7b2/locations/us-central1/services/api","timeoutSeconds":60,"environmentVariables":{"FIREBASE_CONFIG":"{\"projectId\":\"apex-fitness-9b7b2\",\"storageBucket\":\"apex-fitness-9b7b2.firebasestorage.app\"}","GCLOUD_PROJECT":"apex-fitness-9b7b2","EVENTARC_CLOUD_EVENT_SOURCE":"projects/apex-fitness-9b7b2/locations/us-central1/services/api","FUNCTION_TARGET":"api","LOG_EXECUTION_ID":"true"},"maxInstanceCount":10,"ingressSettings":"ALLOW_ALL","uri":"https://api-33m6jq752q-uc.a.run.app","serviceAccountEmail":"304117910465-compute@developer.gserviceaccount.com","availableMemory":"256Mi","allTrafficOnLatestRevision":true,"revision":"api-00006-wip","maxInstanceRequestConcurrency":80,"availableCpu":"1"},"state":"ACTIVE","updateTime":"2025-09-06T04:22:01.113188418Z","labels":{"deployment-tool":"cli-firebase","firebase-functions-hash":"cb301ce94afe2e3620f2db9f06f88c9fd06aaaaa"},"environment":"GEN_2","url":"https://us-central1-apex-fitness-9b7b2.cloudfunctions.net/api","createTime":"2025-09-04T03:48:02.442394297Z","satisfiesPzi":true}]}
[info] i  functions: ensuring required API run.googleapis.com is enabled... 
[info] i  functions: ensuring required API eventarc.googleapis.com is enabled... 
[info] i  functions: ensuring required API pubsub.googleapis.com is enabled... 
[info] i  functions: ensuring required API storage.googleapis.com is enabled... 
[info] i  functions: generating the service identity for pubsub.googleapis.com... 
[debug] [2025-09-06T04:29:27.569Z] Checked if tokens are valid: true, expires at: 1757134874095
[debug] [2025-09-06T04:29:27.569Z] Checked if tokens are valid: true, expires at: 1757134874095
[info] i  functions: generating the service identity for eventarc.googleapis.com... 
[debug] [2025-09-06T04:29:27.570Z] Checked if tokens are valid: true, expires at: 1757134874095
[debug] [2025-09-06T04:29:27.570Z] Checked if tokens are valid: true, expires at: 1757134874095
[debug] [2025-09-06T04:29:27.570Z] >>> [apiv2][query] POST https://serviceusage.googleapis.com/v1beta1/projects/304117910465/services/pubsub.googleapis.com:generateServiceIdentity [none]
[debug] [2025-09-06T04:29:27.570Z] >>> [apiv2][(partial)header] POST https://serviceusage.googleapis.com/v1beta1/projects/304117910465/services/pubsub.googleapis.com:generateServiceIdentity x-goog-quota-user=projects/304117910465
[debug] [2025-09-06T04:29:27.571Z] >>> [apiv2][body] POST https://serviceusage.googleapis.com/v1beta1/projects/304117910465/services/pubsub.googleapis.com:generateServiceIdentity {}
[debug] [2025-09-06T04:29:27.572Z] >>> [apiv2][query] POST https://serviceusage.googleapis.com/v1beta1/projects/304117910465/services/eventarc.googleapis.com:generateServiceIdentity [none]
[debug] [2025-09-06T04:29:27.572Z] >>> [apiv2][(partial)header] POST https://serviceusage.googleapis.com/v1beta1/projects/304117910465/services/eventarc.googleapis.com:generateServiceIdentity x-goog-quota-user=projects/304117910465
[debug] [2025-09-06T04:29:27.572Z] >>> [apiv2][body] POST https://serviceusage.googleapis.com/v1beta1/projects/304117910465/services/eventarc.googleapis.com:generateServiceIdentity {}
[debug] [2025-09-06T04:29:29.644Z] <<< [apiv2][status] POST https://serviceusage.googleapis.com/v1beta1/projects/304117910465/services/pubsub.googleapis.com:generateServiceIdentity 200
[debug] [2025-09-06T04:29:29.644Z] <<< [apiv2][body] POST https://serviceusage.googleapis.com/v1beta1/projects/304117910465/services/pubsub.googleapis.com:generateServiceIdentity {"name":"operations/finished.DONE_OPERATION","done":true,"response":{"@type":"type.googleapis.com/google.api.serviceusage.v1beta1.ServiceIdentity","email":"service-304117910465@gcp-sa-pubsub.iam.gserviceaccount.com","uniqueId":"114851443823701140608"}}
[debug] [2025-09-06T04:29:29.684Z] <<< [apiv2][status] POST https://serviceusage.googleapis.com/v1beta1/projects/304117910465/services/eventarc.googleapis.com:generateServiceIdentity 200
[debug] [2025-09-06T04:29:29.684Z] <<< [apiv2][body] POST https://serviceusage.googleapis.com/v1beta1/projects/304117910465/services/eventarc.googleapis.com:generateServiceIdentity {"name":"operations/finished.DONE_OPERATION","done":true,"response":{"@type":"type.googleapis.com/google.api.serviceusage.v1beta1.ServiceIdentity","email":"service-304117910465@gcp-sa-eventarc.iam.gserviceaccount.com","uniqueId":"117088906460435778141"}}
[debug] [2025-09-06T04:29:29.687Z] Checked if tokens are valid: true, expires at: 1757134874095
[debug] [2025-09-06T04:29:29.687Z] Checked if tokens are valid: true, expires at: 1757134874095
[debug] [2025-09-06T04:29:29.687Z] >>> [apiv2][query] GET https://cloudresourcemanager.googleapis.com/v1/projects/apex-fitness-9b7b2 [none]
[debug] [2025-09-06T04:29:31.371Z] <<< [apiv2][status] GET https://cloudresourcemanager.googleapis.com/v1/projects/apex-fitness-9b7b2 200
[debug] [2025-09-06T04:29:31.372Z] <<< [apiv2][body] GET https://cloudresourcemanager.googleapis.com/v1/projects/apex-fitness-9b7b2 {"projectNumber":"304117910465","projectId":"apex-fitness-9b7b2","lifecycleState":"ACTIVE","name":"apex-fitness","labels":{"firebase":"enabled","firebase-core":"disabled"},"createTime":"2025-09-02T14:16:26.490019Z"}
[debug] [2025-09-06T04:29:31.372Z] Checked if tokens are valid: true, expires at: 1757134874095
[debug] [2025-09-06T04:29:31.372Z] Checked if tokens are valid: true, expires at: 1757134874095
[debug] [2025-09-06T04:29:31.372Z] >>> [apiv2][query] GET https://compute.googleapis.com/compute/v1/projects/304117910465 [none]
[debug] [2025-09-06T04:29:31.841Z] <<< [apiv2][status] GET https://compute.googleapis.com/compute/v1/projects/304117910465 403
[debug] [2025-09-06T04:29:31.841Z] <<< [apiv2][body] GET https://compute.googleapis.com/compute/v1/projects/304117910465 {"error":{"code":403,"message":"Compute Engine API has not been used in project 304117910465 before or it is disabled. Enable it by visiting https://console.developers.google.com/apis/api/compute.googleapis.com/overview?project=304117910465 then retry. If you enabled this API recently, wait a few minutes for the action to propagate to our systems and retry.","errors":[{"message":"Compute Engine API has not been used in project 304117910465 before or it is disabled. Enable it by visiting https://console.developers.google.com/apis/api/compute.googleapis.com/overview?project=304117910465 then retry. If you enabled this API recently, wait a few minutes for the action to propagate to our systems and retry.","domain":"usageLimits","reason":"accessNotConfigured","extendedHelp":"https://console.developers.google.com"}],"status":"PERMISSION_DENIED","details":[{"@type":"type.googleapis.com/google.rpc.ErrorInfo","reason":"SERVICE_DISABLED","domain":"googleapis.com","metadata":{"service":"compute.googleapis.com","containerInfo":"304117910465","serviceTitle":"Compute Engine API","activationUrl":"https://console.developers.google.com/apis/api/compute.googleapis.com/overview?project=304117910465","consumer":"projects/304117910465"}},{"@type":"type.googleapis.com/google.rpc.LocalizedMessage","locale":"en-US","message":"Compute Engine API has not been used in project 304117910465 before or it is disabled. Enable it by visiting https://console.developers.google.com/apis/api/compute.googleapis.com/overview?project=304117910465 then retry. If you enabled this API recently, wait a few minutes for the action to propagate to our systems and retry."},{"@type":"type.googleapis.com/google.rpc.Help","links":[{"description":"Google developers console API activation","url":"https://console.developers.google.com/apis/api/compute.googleapis.com/overview?project=304117910465"}]}]}}
[debug] [2025-09-06T04:29:31.842Z] unable to look up default compute service account. Falling back to 304117910465-compute@developer.gserviceaccount.com. Error: {"name":"FirebaseError","children":[],"context":{"body":{"error":{"code":403,"message":"Compute Engine API has not been used in project 304117910465 before or it is disabled. Enable it by visiting https://console.developers.google.com/apis/api/compute.googleapis.com/overview?project=304117910465 then retry. If you enabled this API recently, wait a few minutes for the action to propagate to our systems and retry.","errors":[{"message":"Compute Engine API has not been used in project 304117910465 before or it is disabled. Enable it by visiting https://console.developers.google.com/apis/api/compute.googleapis.com/overview?project=304117910465 then retry. If you enabled this API recently, wait a few minutes for the action to propagate to our systems and retry.","domain":"usageLimits","reason":"accessNotConfigured","extendedHelp":"https://console.developers.google.com"}],"status":"PERMISSION_DENIED","details":[{"@type":"type.googleapis.com/google.rpc.ErrorInfo","reason":"SERVICE_DISABLED","domain":"googleapis.com","metadata":{"service":"compute.googleapis.com","containerInfo":"304117910465","serviceTitle":"Compute Engine API","activationUrl":"https://console.developers.google.com/apis/api/compute.googleapis.com/overview?project=304117910465","consumer":"projects/304117910465"}},{"@type":"type.googleapis.com/google.rpc.LocalizedMessage","locale":"en-US","message":"Compute Engine API has not been used in project 304117910465 before or it is disabled. Enable it by visiting https://console.developers.google.com/apis/api/compute.googleapis.com/overview?project=304117910465 then retry. If you enabled this API recently, wait a few minutes for the action to propagate to our systems and retry."},{"@type":"type.googleapis.com/google.rpc.Help","links":[{"description":"Google developers console API activation","url":"https://console.developers.google.com/apis/api/compute.googleapis.com/overview?project=304117910465"}]}]}},"response":{"statusCode":403}},"exit":1,"message":"Request to https://compute.googleapis.com/compute/v1/projects/304117910465 had HTTP Error: 403, Compute Engine API has not been used in project 304117910465 before or it is disabled. Enable it by visiting https://console.developers.google.com/apis/api/compute.googleapis.com/overview?project=304117910465 then retry. If you enabled this API recently, wait a few minutes for the action to propagate to our systems and retry.","status":403}
[debug] [2025-09-06T04:29:31.846Z] Checked if tokens are valid: true, expires at: 1757134874095
[debug] [2025-09-06T04:29:31.846Z] Checked if tokens are valid: true, expires at: 1757134874095
[debug] [2025-09-06T04:29:31.846Z] >>> [apiv2][query] POST https://firebasehosting.googleapis.com/v1beta1/projects/-/sites/apex-fitness-9b7b2/versions [none]
[debug] [2025-09-06T04:29:31.846Z] >>> [apiv2][body] POST https://firebasehosting.googleapis.com/v1beta1/projects/-/sites/apex-fitness-9b7b2/versions {"status":"CREATED","labels":{"deployment-tool":"cli-firebase"}}
[debug] [2025-09-06T04:29:33.417Z] <<< [apiv2][status] POST https://firebasehosting.googleapis.com/v1beta1/projects/-/sites/apex-fitness-9b7b2/versions 200
[debug] [2025-09-06T04:29:33.417Z] <<< [apiv2][body] POST https://firebasehosting.googleapis.com/v1beta1/projects/-/sites/apex-fitness-9b7b2/versions {"name":"projects/304117910465/sites/apex-fitness-9b7b2/versions/f0e5b601ee2f4cc1","status":"CREATED","config":{},"labels":{"deployment-tool":"cli-firebase"}}
[debug] [2025-09-06T04:29:33.418Z] Checked if tokens are valid: true, expires at: 1757134874095
[debug] [2025-09-06T04:29:33.419Z] Checked if tokens are valid: true, expires at: 1757134874095
[debug] [2025-09-06T04:29:33.419Z] >>> [apiv2][query] GET https://cloudbilling.googleapis.com/v1/projects/apex-fitness-9b7b2/billingInfo [none]
[debug] [2025-09-06T04:29:34.929Z] <<< [apiv2][status] GET https://cloudbilling.googleapis.com/v1/projects/apex-fitness-9b7b2/billingInfo 200
[debug] [2025-09-06T04:29:34.929Z] <<< [apiv2][body] GET https://cloudbilling.googleapis.com/v1/projects/apex-fitness-9b7b2/billingInfo {"name":"projects/apex-fitness-9b7b2/billingInfo","projectId":"apex-fitness-9b7b2","billingAccountName":"billingAccounts/0177B5-14E479-DFCE3C","billingEnabled":true}
[debug] [2025-09-06T04:29:34.931Z] Checked if tokens are valid: true, expires at: 1757134874095
[debug] [2025-09-06T04:29:34.931Z] Checked if tokens are valid: true, expires at: 1757134874095
[debug] [2025-09-06T04:29:34.931Z] >>> [apiv2][query] POST https://cloudfunctions.googleapis.com/v2/projects/apex-fitness-9b7b2/locations/us-central1/functions:generateUploadUrl [none]
[debug] [2025-09-06T04:29:36.547Z] <<< [apiv2][status] POST https://cloudfunctions.googleapis.com/v2/projects/apex-fitness-9b7b2/locations/us-central1/functions:generateUploadUrl 200
[debug] [2025-09-06T04:29:36.547Z] <<< [apiv2][body] POST https://cloudfunctions.googleapis.com/v2/projects/apex-fitness-9b7b2/locations/us-central1/functions:generateUploadUrl {"uploadUrl":"https://storage.googleapis.com/gcf-v2-uploads-304117910465.us-central1.cloudfunctions.appspot.com/afce1ef5-05bd-48d0-8d50-256235c4f918.zip?GoogleAccessId=service-304117910465@gcf-admin-robot.iam.gserviceaccount.com&Expires=1757134775&Signature=fTxVhUpWVPyooQNEEvUpII2MJ6qgQmP3WiZYPKRMn6l60w7GcBjeVm%2F4gJiYerlwf37gPE25EqkaCwF%2FbqPacKsGhH%2B8wwubtX5Rdopyfj%2Br%2BP1jQeXFMxaHMXSaD0MYZqPV9wMLODk5raNdO0kxswLZwT%2FgnubSe%2FX6fXYX3COPmxb0GgUzH3C%2FTo27YwGZzeecRprl%2FqhZgxGWrqAS3JEA0eF9V3CkUpHXKArYuiz5%2FYFXX7kPNonijWhkpjQ7t5gPsQ%2FI7pwoN6foT0%2Fazvd1WYlZFvJ3ANtgX6Te6Nabrb20X4mrJlRCio45ka3CiR9KcNRmRA7xxdztnNNRnQ%3D%3D","storageSource":{"bucket":"gcf-v2-uploads-304117910465.us-central1.cloudfunctions.appspot.com","object":"afce1ef5-05bd-48d0-8d50-256235c4f918.zip"}}
[debug] [2025-09-06T04:29:36.548Z] >>> [apiv2][query] PUT https://storage.googleapis.com/gcf-v2-uploads-304117910465.us-central1.cloudfunctions.appspot.com/afce1ef5-05bd-48d0-8d50-256235c4f918.zip GoogleAccessId=service-304117910465%40gcf-admin-robot.iam.gserviceaccount.com&Expires=1757134775&Signature=fTxVhUpWVPyooQNEEvUpII2MJ6qgQmP3WiZYPKRMn6l60w7GcBjeVm%2F4gJiYerlwf37gPE25EqkaCwF%2FbqPacKsGhH%2B8wwubtX5Rdopyfj%2Br%2BP1jQeXFMxaHMXSaD0MYZqPV9wMLODk5raNdO0kxswLZwT%2FgnubSe%2FX6fXYX3COPmxb0GgUzH3C%2FTo27YwGZzeecRprl%2FqhZgxGWrqAS3JEA0eF9V3CkUpHXKArYuiz5%2FYFXX7kPNonijWhkpjQ7t5gPsQ%2FI7pwoN6foT0%2Fazvd1WYlZFvJ3ANtgX6Te6Nabrb20X4mrJlRCio45ka3CiR9KcNRmRA7xxdztnNNRnQ%3D%3D
[debug] [2025-09-06T04:29:36.548Z] >>> [apiv2][body] PUT https://storage.googleapis.com/gcf-v2-uploads-304117910465.us-central1.cloudfunctions.appspot.com/afce1ef5-05bd-48d0-8d50-256235c4f918.zip [stream]
[debug] [2025-09-06T04:29:39.074Z] <<< [apiv2][status] PUT https://storage.googleapis.com/gcf-v2-uploads-304117910465.us-central1.cloudfunctions.appspot.com/afce1ef5-05bd-48d0-8d50-256235c4f918.zip 200
[debug] [2025-09-06T04:29:39.075Z] <<< [apiv2][body] PUT https://storage.googleapis.com/gcf-v2-uploads-304117910465.us-central1.cloudfunctions.appspot.com/afce1ef5-05bd-48d0-8d50-256235c4f918.zip [omitted]
[info] +  functions: functions folder uploaded successfully 
[info] i  hosting[apex-fitness-9b7b2]: beginning deploy... 
[info] i  hosting[apex-fitness-9b7b2]: found 3 files in dist/public 
[debug] [2025-09-06T04:29:39.095Z] [hosting] uploading with 200 concurrency
[debug] [2025-09-06T04:29:39.102Z] Checked if tokens are valid: true, expires at: 1757134874095
[debug] [2025-09-06T04:29:39.102Z] Checked if tokens are valid: true, expires at: 1757134874095
[debug] [2025-09-06T04:29:39.104Z] [hosting] hash cache [ZGlzdFxwdWJsaWM] stored for 3 files
[debug] [2025-09-06T04:29:39.105Z] [hosting][hash queue][FINAL] {"max":2,"min":1,"avg":1,"active":0,"complete":3,"success":3,"errored":0,"retried":0,"total":3,"elapsed":6}
[debug] [2025-09-06T04:29:39.105Z] >>> [apiv2][query] POST https://firebasehosting.googleapis.com/v1beta1/projects/304117910465/sites/apex-fitness-9b7b2/versions/f0e5b601ee2f4cc1:populateFiles [none]
[debug] [2025-09-06T04:29:39.106Z] >>> [apiv2][body] POST https://firebasehosting.googleapis.com/v1beta1/projects/304117910465/sites/apex-fitness-9b7b2/versions/f0e5b601ee2f4cc1:populateFiles {"files":{"/index.html":"d51c391f045fc6b0ffadd9de4136575e952c66694f8c0681e77fee03efe634d8","/assets/index-psxJ9-Ok.css":"dc3e9e04f80dc08774361709e88524e5d2793d2d32b16447419243088f8d1108","/assets/index-16hTfwHs.js":"952e1174d5c83966394208d533473d08e175ddfa3d0aa2ca7242085d75eb6bf5"}}
[debug] [2025-09-06T04:29:40.426Z] <<< [apiv2][status] POST https://firebasehosting.googleapis.com/v1beta1/projects/304117910465/sites/apex-fitness-9b7b2/versions/f0e5b601ee2f4cc1:populateFiles 200
[debug] [2025-09-06T04:29:40.427Z] <<< [apiv2][body] POST https://firebasehosting.googleapis.com/v1beta1/projects/304117910465/sites/apex-fitness-9b7b2/versions/f0e5b601ee2f4cc1:populateFiles {"uploadUrl":"https://upload-firebasehosting.googleapis.com/upload/sites/apex-fitness-9b7b2/versions/f0e5b601ee2f4cc1/files"}
[debug] [2025-09-06T04:29:40.427Z] [hosting][populate queue][FINAL] {"max":1326,"min":1326,"avg":1326,"active":0,"complete":1,"success":1,"errored":0,"retried":0,"total":1,"elapsed":1326}
[debug] [2025-09-06T04:29:40.428Z] [hosting] uploads queued: 0
[debug] [2025-09-06T04:29:40.428Z] [hosting][upload queue][FINAL] {"max":0,"min":9999999999,"avg":0,"active":0,"complete":0,"success":0,"errored":0,"retried":0,"total":0,"elapsed":1757132980428}
[info] +  hosting[apex-fitness-9b7b2]: file upload complete 
[debug] [2025-09-06T04:29:40.431Z] [hosting] deploy completed after 1353ms
[info] i  functions: updating Node.js 22 (2nd Gen) function api(us-central1)... 
[debug] [2025-09-06T04:29:40.440Z] Checked if tokens are valid: true, expires at: 1757134874095
[debug] [2025-09-06T04:29:40.441Z] Checked if tokens are valid: true, expires at: 1757134874095
[debug] [2025-09-06T04:29:40.441Z] >>> [apiv2][query] PATCH https://cloudfunctions.googleapis.com/v2/projects/apex-fitness-9b7b2/locations/us-central1/functions/api updateMask=name%2CbuildConfig.runtime%2CbuildConfig.entryPoint%2CbuildConfig.source.storageSource.bucket%2CbuildConfig.source.storageSource.object%2CbuildConfig.environmentVariables%2CbuildConfig.sourceToken%2CserviceConfig.environmentVariables%2CserviceConfig.ingressSettings%2CserviceConfig.timeoutSeconds%2CserviceConfig.serviceAccountEmail%2CserviceConfig.availableMemory%2CserviceConfig.minInstanceCount%2CserviceConfig.maxInstanceCount%2CserviceConfig.maxInstanceRequestConcurrency%2CserviceConfig.availableCpu%2CserviceConfig.vpcConnector%2CserviceConfig.vpcConnectorEgressSettings%2Clabels
[debug] [2025-09-06T04:29:40.441Z] >>> [apiv2][body] PATCH https://cloudfunctions.googleapis.com/v2/projects/apex-fitness-9b7b2/locations/us-central1/functions/api {"name":"projects/apex-fitness-9b7b2/locations/us-central1/functions/api","buildConfig":{"runtime":"nodejs22","entryPoint":"api","source":{"storageSource":{"bucket":"gcf-v2-uploads-304117910465.us-central1.cloudfunctions.appspot.com","object":"afce1ef5-05bd-48d0-8d50-256235c4f918.zip"}},"environmentVariables":{"GOOGLE_NODE_RUN_SCRIPTS":""}},"serviceConfig":{"environmentVariables":{"FIREBASE_CONFIG":"{\"projectId\":\"apex-fitness-9b7b2\",\"storageBucket\":\"apex-fitness-9b7b2.firebasestorage.app\"}","GCLOUD_PROJECT":"apex-fitness-9b7b2","EVENTARC_CLOUD_EVENT_SOURCE":"projects/apex-fitness-9b7b2/locations/us-central1/services/api","FUNCTION_TARGET":"api","LOG_EXECUTION_ID":"true"},"ingressSettings":null,"timeoutSeconds":null,"serviceAccountEmail":null,"availableMemory":"256Mi","minInstanceCount":null,"maxInstanceCount":10,"maxInstanceRequestConcurrency":80,"availableCpu":"1","vpcConnector":null,"vpcConnectorEgressSettings":null},"labels":{"deployment-tool":"cli-firebase","firebase-functions-hash":"e95653458ade8b73e4150e3f40bc287eab9406ab"}}
[debug] [2025-09-06T04:29:42.648Z] <<< [apiv2][status] PATCH https://cloudfunctions.googleapis.com/v2/projects/apex-fitness-9b7b2/locations/us-central1/functions/api 200
[debug] [2025-09-06T04:29:42.648Z] <<< [apiv2][body] PATCH https://cloudfunctions.googleapis.com/v2/projects/apex-fitness-9b7b2/locations/us-central1/functions/api {"name":"projects/apex-fitness-9b7b2/locations/us-central1/operations/operation-1757132980943-63e1a6726f8c7-e15ab04d-bfc48c1c","metadata":{"@type":"type.googleapis.com/google.cloud.functions.v2.OperationMetadata","createTime":"2025-09-06T04:29:41.789666241Z","target":"projects/apex-fitness-9b7b2/locations/us-central1/functions/api","verb":"update","cancelRequested":false,"apiVersion":"v2"},"done":false}
[debug] [2025-09-06T04:29:42.649Z] Checked if tokens are valid: true, expires at: 1757134874095
[debug] [2025-09-06T04:29:42.649Z] Checked if tokens are valid: true, expires at: 1757134874095
[debug] [2025-09-06T04:29:42.649Z] >>> [apiv2][query] GET https://cloudfunctions.googleapis.com/v2/projects/apex-fitness-9b7b2/locations/us-central1/operations/operation-1757132980943-63e1a6726f8c7-e15ab04d-bfc48c1c [none]
[debug] [2025-09-06T04:29:43.979Z] <<< [apiv2][status] GET https://cloudfunctions.googleapis.com/v2/projects/apex-fitness-9b7b2/locations/us-central1/operations/operation-1757132980943-63e1a6726f8c7-e15ab04d-bfc48c1c 200
[debug] [2025-09-06T04:29:43.979Z] <<< [apiv2][body] GET https://cloudfunctions.googleapis.com/v2/projects/apex-fitness-9b7b2/locations/us-central1/operations/operation-1757132980943-63e1a6726f8c7-e15ab04d-bfc48c1c {"name":"projects/apex-fitness-9b7b2/locations/us-central1/operations/operation-1757132980943-63e1a6726f8c7-e15ab04d-bfc48c1c","metadata":{"@type":"type.googleapis.com/google.cloud.functions.v2.OperationMetadata","createTime":"2025-09-06T04:29:41.789666241Z","target":"projects/apex-fitness-9b7b2/locations/us-central1/functions/api","verb":"update","cancelRequested":false,"apiVersion":"v2","requestResource":{"@type":"type.googleapis.com/google.cloud.functions.v2.Function","name":"projects/apex-fitness-9b7b2/locations/us-central1/functions/api","buildConfig":{"runtime":"nodejs22","entryPoint":"api","source":{"storageSource":{"bucket":"gcf-v2-sources-304117910465-us-central1","object":"api/function-source.zip","generation":"1757132981712283"}},"environmentVariables":{"GOOGLE_NODE_RUN_SCRIPTS":""},"dockerRepository":"projects/apex-fitness-9b7b2/locations/us-central1/repositories/gcf-artifacts","sourceProvenance":{"resolvedStorageSource":{"bucket":"gcf-v2-sources-304117910465-us-central1","object":"api/function-source.zip","generation":"1757131318618029"}},"dockerRegistry":"ARTIFACT_REGISTRY","serviceAccount":"projects/apex-fitness-9b7b2/serviceAccounts/304117910465-compute@developer.gserviceaccount.com","automaticUpdatePolicy":{}},"serviceConfig":{"service":"projects/apex-fitness-9b7b2/locations/us-central1/services/api","timeoutSeconds":60,"environmentVariables":{"FIREBASE_CONFIG":"{\"projectId\":\"apex-fitness-9b7b2\",\"storageBucket\":\"apex-fitness-9b7b2.firebasestorage.app\"}","GCLOUD_PROJECT":"apex-fitness-9b7b2","EVENTARC_CLOUD_EVENT_SOURCE":"projects/apex-fitness-9b7b2/locations/us-central1/services/api","FUNCTION_TARGET":"api","LOG_EXECUTION_ID":"true"},"maxInstanceCount":10,"ingressSettings":"ALLOW_ALL","uri":"https://api-33m6jq752q-uc.a.run.app","serviceAccountEmail":"304117910465-compute@developer.gserviceaccount.com","availableMemory":"256Mi","allTrafficOnLatestRevision":true,"revision":"api-00006-wip","maxInstanceRequestConcurrency":80,"availableCpu":"1"},"state":"ACTIVE","labels":{"deployment-tool":"cli-firebase","firebase-functions-hash":"e95653458ade8b73e4150e3f40bc287eab9406ab"},"environment":"GEN_2","url":"https://us-central1-apex-fitness-9b7b2.cloudfunctions.net/api","satisfiesPzi":true},"stages":[{"name":"BUILD","message":"Build in progress","state":"IN_PROGRESS","resource":"projects/304117910465/locations/us-central1/builds/9590fea1-e387-4663-bf7e-62f1aa5f7f3c","resourceUri":"https://console.cloud.google.com/cloud-build/builds;region=us-central1/9590fea1-e387-4663-bf7e-62f1aa5f7f3c?project=304117910465"},{"name":"SERVICE","state":"NOT_STARTED"}],"operationType":"UPDATE_FUNCTION","buildName":"projects/304117910465/locations/us-central1/builds/9590fea1-e387-4663-bf7e-62f1aa5f7f3c"},"done":false}
[debug] [2025-09-06T04:29:44.489Z] [update-default-us-central1-api] Retrying task index 0
[debug] [2025-09-06T04:29:44.489Z] Checked if tokens are valid: true, expires at: 1757134874095
[debug] [2025-09-06T04:29:44.489Z] Checked if tokens are valid: true, expires at: 1757134874095
[debug] [2025-09-06T04:29:44.489Z] >>> [apiv2][query] GET https://cloudfunctions.googleapis.com/v2/projects/apex-fitness-9b7b2/locations/us-central1/operations/operation-1757132980943-63e1a6726f8c7-e15ab04d-bfc48c1c [none]
[debug] [2025-09-06T04:29:45.810Z] <<< [apiv2][status] GET https://cloudfunctions.googleapis.com/v2/projects/apex-fitness-9b7b2/locations/us-central1/operations/operation-1757132980943-63e1a6726f8c7-e15ab04d-bfc48c1c 200
[debug] [2025-09-06T04:29:45.810Z] <<< [apiv2][body] GET https://cloudfunctions.googleapis.com/v2/projects/apex-fitness-9b7b2/locations/us-central1/operations/operation-1757132980943-63e1a6726f8c7-e15ab04d-bfc48c1c {"name":"projects/apex-fitness-9b7b2/locations/us-central1/operations/operation-1757132980943-63e1a6726f8c7-e15ab04d-bfc48c1c","metadata":{"@type":"type.googleapis.com/google.cloud.functions.v2.OperationMetadata","createTime":"2025-09-06T04:29:41.789666241Z","target":"projects/apex-fitness-9b7b2/locations/us-central1/functions/api","verb":"update","cancelRequested":false,"apiVersion":"v2","requestResource":{"@type":"type.googleapis.com/google.cloud.functions.v2.Function","name":"projects/apex-fitness-9b7b2/locations/us-central1/functions/api","buildConfig":{"runtime":"nodejs22","entryPoint":"api","source":{"storageSource":{"bucket":"gcf-v2-sources-304117910465-us-central1","object":"api/function-source.zip","generation":"1757132981712283"}},"environmentVariables":{"GOOGLE_NODE_RUN_SCRIPTS":""},"dockerRepository":"projects/apex-fitness-9b7b2/locations/us-central1/repositories/gcf-artifacts","sourceProvenance":{"resolvedStorageSource":{"bucket":"gcf-v2-sources-304117910465-us-central1","object":"api/function-source.zip","generation":"1757131318618029"}},"dockerRegistry":"ARTIFACT_REGISTRY","serviceAccount":"projects/apex-fitness-9b7b2/serviceAccounts/304117910465-compute@developer.gserviceaccount.com","automaticUpdatePolicy":{}},"serviceConfig":{"service":"projects/apex-fitness-9b7b2/locations/us-central1/services/api","timeoutSeconds":60,"environmentVariables":{"FIREBASE_CONFIG":"{\"projectId\":\"apex-fitness-9b7b2\",\"storageBucket\":\"apex-fitness-9b7b2.firebasestorage.app\"}","GCLOUD_PROJECT":"apex-fitness-9b7b2","EVENTARC_CLOUD_EVENT_SOURCE":"projects/apex-fitness-9b7b2/locations/us-central1/services/api","FUNCTION_TARGET":"api","LOG_EXECUTION_ID":"true"},"maxInstanceCount":10,"ingressSettings":"ALLOW_ALL","uri":"https://api-33m6jq752q-uc.a.run.app","serviceAccountEmail":"304117910465-compute@developer.gserviceaccount.com","availableMemory":"256Mi","allTrafficOnLatestRevision":true,"revision":"api-00006-wip","maxInstanceRequestConcurrency":80,"availableCpu":"1"},"state":"ACTIVE","labels":{"deployment-tool":"cli-firebase","firebase-functions-hash":"e95653458ade8b73e4150e3f40bc287eab9406ab"},"environment":"GEN_2","url":"https://us-central1-apex-fitness-9b7b2.cloudfunctions.net/api","satisfiesPzi":true},"stages":[{"name":"BUILD","message":"Build in progress","state":"IN_PROGRESS","resource":"projects/304117910465/locations/us-central1/builds/9590fea1-e387-4663-bf7e-62f1aa5f7f3c","resourceUri":"https://console.cloud.google.com/cloud-build/builds;region=us-central1/9590fea1-e387-4663-bf7e-62f1aa5f7f3c?project=304117910465"},{"name":"SERVICE","state":"NOT_STARTED"}],"operationType":"UPDATE_FUNCTION","buildName":"projects/304117910465/locations/us-central1/builds/9590fea1-e387-4663-bf7e-62f1aa5f7f3c"},"done":false}
[debug] [2025-09-06T04:29:46.810Z] [update-default-us-central1-api] Retrying task index 0
[debug] [2025-09-06T04:29:46.811Z] Checked if tokens are valid: true, expires at: 1757134874095
[debug] [2025-09-06T04:29:46.811Z] Checked if tokens are valid: true, expires at: 1757134874095
[debug] [2025-09-06T04:29:46.811Z] >>> [apiv2][query] GET https://cloudfunctions.googleapis.com/v2/projects/apex-fitness-9b7b2/locations/us-central1/operations/operation-1757132980943-63e1a6726f8c7-e15ab04d-bfc48c1c [none]
[debug] [2025-09-06T04:29:48.137Z] <<< [apiv2][status] GET https://cloudfunctions.googleapis.com/v2/projects/apex-fitness-9b7b2/locations/us-central1/operations/operation-1757132980943-63e1a6726f8c7-e15ab04d-bfc48c1c 200
[debug] [2025-09-06T04:29:48.137Z] <<< [apiv2][body] GET https://cloudfunctions.googleapis.com/v2/projects/apex-fitness-9b7b2/locations/us-central1/operations/operation-1757132980943-63e1a6726f8c7-e15ab04d-bfc48c1c {"name":"projects/apex-fitness-9b7b2/locations/us-central1/operations/operation-1757132980943-63e1a6726f8c7-e15ab04d-bfc48c1c","metadata":{"@type":"type.googleapis.com/google.cloud.functions.v2.OperationMetadata","createTime":"2025-09-06T04:29:41.789666241Z","target":"projects/apex-fitness-9b7b2/locations/us-central1/functions/api","verb":"update","cancelRequested":false,"apiVersion":"v2","requestResource":{"@type":"type.googleapis.com/google.cloud.functions.v2.Function","name":"projects/apex-fitness-9b7b2/locations/us-central1/functions/api","buildConfig":{"runtime":"nodejs22","entryPoint":"api","source":{"storageSource":{"bucket":"gcf-v2-sources-304117910465-us-central1","object":"api/function-source.zip","generation":"1757132981712283"}},"environmentVariables":{"GOOGLE_NODE_RUN_SCRIPTS":""},"dockerRepository":"projects/apex-fitness-9b7b2/locations/us-central1/repositories/gcf-artifacts","sourceProvenance":{"resolvedStorageSource":{"bucket":"gcf-v2-sources-304117910465-us-central1","object":"api/function-source.zip","generation":"1757131318618029"}},"dockerRegistry":"ARTIFACT_REGISTRY","serviceAccount":"projects/apex-fitness-9b7b2/serviceAccounts/304117910465-compute@developer.gserviceaccount.com","automaticUpdatePolicy":{}},"serviceConfig":{"service":"projects/apex-fitness-9b7b2/locations/us-central1/services/api","timeoutSeconds":60,"environmentVariables":{"FIREBASE_CONFIG":"{\"projectId\":\"apex-fitness-9b7b2\",\"storageBucket\":\"apex-fitness-9b7b2.firebasestorage.app\"}","GCLOUD_PROJECT":"apex-fitness-9b7b2","EVENTARC_CLOUD_EVENT_SOURCE":"projects/apex-fitness-9b7b2/locations/us-central1/services/api","FUNCTION_TARGET":"api","LOG_EXECUTION_ID":"true"},"maxInstanceCount":10,"ingressSettings":"ALLOW_ALL","uri":"https://api-33m6jq752q-uc.a.run.app","serviceAccountEmail":"304117910465-compute@developer.gserviceaccount.com","availableMemory":"256Mi","allTrafficOnLatestRevision":true,"revision":"api-00006-wip","maxInstanceRequestConcurrency":80,"availableCpu":"1"},"state":"ACTIVE","labels":{"deployment-tool":"cli-firebase","firebase-functions-hash":"e95653458ade8b73e4150e3f40bc287eab9406ab"},"environment":"GEN_2","url":"https://us-central1-apex-fitness-9b7b2.cloudfunctions.net/api","satisfiesPzi":true},"stages":[{"name":"BUILD","message":"Build in progress","state":"IN_PROGRESS","resource":"projects/304117910465/locations/us-central1/builds/9590fea1-e387-4663-bf7e-62f1aa5f7f3c","resourceUri":"https://console.cloud.google.com/cloud-build/builds;region=us-central1/9590fea1-e387-4663-bf7e-62f1aa5f7f3c?project=304117910465"},{"name":"SERVICE","state":"NOT_STARTED"}],"operationType":"UPDATE_FUNCTION","buildName":"projects/304117910465/locations/us-central1/builds/9590fea1-e387-4663-bf7e-62f1aa5f7f3c"},"done":false}
[debug] [2025-09-06T04:29:50.151Z] [update-default-us-central1-api] Retrying task index 0
[debug] [2025-09-06T04:29:50.152Z] Checked if tokens are valid: true, expires at: 1757134874095
[debug] [2025-09-06T04:29:50.152Z] Checked if tokens are valid: true, expires at: 1757134874095
[debug] [2025-09-06T04:29:50.152Z] >>> [apiv2][query] GET https://cloudfunctions.googleapis.com/v2/projects/apex-fitness-9b7b2/locations/us-central1/operations/operation-1757132980943-63e1a6726f8c7-e15ab04d-bfc48c1c [none]
[debug] [2025-09-06T04:29:51.469Z] <<< [apiv2][status] GET https://cloudfunctions.googleapis.com/v2/projects/apex-fitness-9b7b2/locations/us-central1/operations/operation-1757132980943-63e1a6726f8c7-e15ab04d-bfc48c1c 200
[debug] [2025-09-06T04:29:51.469Z] <<< [apiv2][body] GET https://cloudfunctions.googleapis.com/v2/projects/apex-fitness-9b7b2/locations/us-central1/operations/operation-1757132980943-63e1a6726f8c7-e15ab04d-bfc48c1c {"name":"projects/apex-fitness-9b7b2/locations/us-central1/operations/operation-1757132980943-63e1a6726f8c7-e15ab04d-bfc48c1c","metadata":{"@type":"type.googleapis.com/google.cloud.functions.v2.OperationMetadata","createTime":"2025-09-06T04:29:41.789666241Z","target":"projects/apex-fitness-9b7b2/locations/us-central1/functions/api","verb":"update","cancelRequested":false,"apiVersion":"v2","requestResource":{"@type":"type.googleapis.com/google.cloud.functions.v2.Function","name":"projects/apex-fitness-9b7b2/locations/us-central1/functions/api","buildConfig":{"runtime":"nodejs22","entryPoint":"api","source":{"storageSource":{"bucket":"gcf-v2-sources-304117910465-us-central1","object":"api/function-source.zip","generation":"1757132981712283"}},"environmentVariables":{"GOOGLE_NODE_RUN_SCRIPTS":""},"dockerRepository":"projects/apex-fitness-9b7b2/locations/us-central1/repositories/gcf-artifacts","sourceProvenance":{"resolvedStorageSource":{"bucket":"gcf-v2-sources-304117910465-us-central1","object":"api/function-source.zip","generation":"1757131318618029"}},"dockerRegistry":"ARTIFACT_REGISTRY","serviceAccount":"projects/apex-fitness-9b7b2/serviceAccounts/304117910465-compute@developer.gserviceaccount.com","automaticUpdatePolicy":{}},"serviceConfig":{"service":"projects/apex-fitness-9b7b2/locations/us-central1/services/api","timeoutSeconds":60,"environmentVariables":{"FIREBASE_CONFIG":"{\"projectId\":\"apex-fitness-9b7b2\",\"storageBucket\":\"apex-fitness-9b7b2.firebasestorage.app\"}","GCLOUD_PROJECT":"apex-fitness-9b7b2","EVENTARC_CLOUD_EVENT_SOURCE":"projects/apex-fitness-9b7b2/locations/us-central1/services/api","FUNCTION_TARGET":"api","LOG_EXECUTION_ID":"true"},"maxInstanceCount":10,"ingressSettings":"ALLOW_ALL","uri":"https://api-33m6jq752q-uc.a.run.app","serviceAccountEmail":"304117910465-compute@developer.gserviceaccount.com","availableMemory":"256Mi","allTrafficOnLatestRevision":true,"revision":"api-00006-wip","maxInstanceRequestConcurrency":80,"availableCpu":"1"},"state":"ACTIVE","labels":{"deployment-tool":"cli-firebase","firebase-functions-hash":"e95653458ade8b73e4150e3f40bc287eab9406ab"},"environment":"GEN_2","url":"https://us-central1-apex-fitness-9b7b2.cloudfunctions.net/api","satisfiesPzi":true},"stages":[{"name":"BUILD","message":"Build in progress","state":"IN_PROGRESS","resource":"projects/304117910465/locations/us-central1/builds/9590fea1-e387-4663-bf7e-62f1aa5f7f3c","resourceUri":"https://console.cloud.google.com/cloud-build/builds;region=us-central1/9590fea1-e387-4663-bf7e-62f1aa5f7f3c?project=304117910465"},{"name":"SERVICE","state":"NOT_STARTED"}],"operationType":"UPDATE_FUNCTION","buildName":"projects/304117910465/locations/us-central1/builds/9590fea1-e387-4663-bf7e-62f1aa5f7f3c"},"done":false}
[debug] [2025-09-06T04:29:55.470Z] [update-default-us-central1-api] Retrying task index 0
[debug] [2025-09-06T04:29:55.470Z] Checked if tokens are valid: true, expires at: 1757134874095
[debug] [2025-09-06T04:29:55.470Z] Checked if tokens are valid: true, expires at: 1757134874095
[debug] [2025-09-06T04:29:55.470Z] >>> [apiv2][query] GET https://cloudfunctions.googleapis.com/v2/projects/apex-fitness-9b7b2/locations/us-central1/operations/operation-1757132980943-63e1a6726f8c7-e15ab04d-bfc48c1c [none]
[debug] [2025-09-06T04:29:56.860Z] <<< [apiv2][status] GET https://cloudfunctions.googleapis.com/v2/projects/apex-fitness-9b7b2/locations/us-central1/operations/operation-1757132980943-63e1a6726f8c7-e15ab04d-bfc48c1c 200
[debug] [2025-09-06T04:29:56.860Z] <<< [apiv2][body] GET https://cloudfunctions.googleapis.com/v2/projects/apex-fitness-9b7b2/locations/us-central1/operations/operation-1757132980943-63e1a6726f8c7-e15ab04d-bfc48c1c {"name":"projects/apex-fitness-9b7b2/locations/us-central1/operations/operation-1757132980943-63e1a6726f8c7-e15ab04d-bfc48c1c","metadata":{"@type":"type.googleapis.com/google.cloud.functions.v2.OperationMetadata","createTime":"2025-09-06T04:29:41.789666241Z","target":"projects/apex-fitness-9b7b2/locations/us-central1/functions/api","verb":"update","cancelRequested":false,"apiVersion":"v2","requestResource":{"@type":"type.googleapis.com/google.cloud.functions.v2.Function","name":"projects/apex-fitness-9b7b2/locations/us-central1/functions/api","buildConfig":{"runtime":"nodejs22","entryPoint":"api","source":{"storageSource":{"bucket":"gcf-v2-sources-304117910465-us-central1","object":"api/function-source.zip","generation":"1757132981712283"}},"environmentVariables":{"GOOGLE_NODE_RUN_SCRIPTS":""},"dockerRepository":"projects/apex-fitness-9b7b2/locations/us-central1/repositories/gcf-artifacts","sourceProvenance":{"resolvedStorageSource":{"bucket":"gcf-v2-sources-304117910465-us-central1","object":"api/function-source.zip","generation":"1757131318618029"}},"dockerRegistry":"ARTIFACT_REGISTRY","serviceAccount":"projects/apex-fitness-9b7b2/serviceAccounts/304117910465-compute@developer.gserviceaccount.com","automaticUpdatePolicy":{}},"serviceConfig":{"service":"projects/apex-fitness-9b7b2/locations/us-central1/services/api","timeoutSeconds":60,"environmentVariables":{"FIREBASE_CONFIG":"{\"projectId\":\"apex-fitness-9b7b2\",\"storageBucket\":\"apex-fitness-9b7b2.firebasestorage.app\"}","GCLOUD_PROJECT":"apex-fitness-9b7b2","EVENTARC_CLOUD_EVENT_SOURCE":"projects/apex-fitness-9b7b2/locations/us-central1/services/api","FUNCTION_TARGET":"api","LOG_EXECUTION_ID":"true"},"maxInstanceCount":10,"ingressSettings":"ALLOW_ALL","uri":"https://api-33m6jq752q-uc.a.run.app","serviceAccountEmail":"304117910465-compute@developer.gserviceaccount.com","availableMemory":"256Mi","allTrafficOnLatestRevision":true,"revision":"api-00006-wip","maxInstanceRequestConcurrency":80,"availableCpu":"1"},"state":"ACTIVE","labels":{"deployment-tool":"cli-firebase","firebase-functions-hash":"e95653458ade8b73e4150e3f40bc287eab9406ab"},"environment":"GEN_2","url":"https://us-central1-apex-fitness-9b7b2.cloudfunctions.net/api","satisfiesPzi":true},"stages":[{"name":"BUILD","message":"Build in progress","state":"IN_PROGRESS","resource":"projects/304117910465/locations/us-central1/builds/9590fea1-e387-4663-bf7e-62f1aa5f7f3c","resourceUri":"https://console.cloud.google.com/cloud-build/builds;region=us-central1/9590fea1-e387-4663-bf7e-62f1aa5f7f3c?project=304117910465"},{"name":"SERVICE","state":"NOT_STARTED"}],"operationType":"UPDATE_FUNCTION","buildName":"projects/304117910465/locations/us-central1/builds/9590fea1-e387-4663-bf7e-62f1aa5f7f3c"},"done":false}
[debug] [2025-09-06T04:30:04.870Z] [update-default-us-central1-api] Retrying task index 0
[debug] [2025-09-06T04:30:04.870Z] Checked if tokens are valid: true, expires at: 1757134874095
[debug] [2025-09-06T04:30:04.870Z] Checked if tokens are valid: true, expires at: 1757134874095
[debug] [2025-09-06T04:30:04.870Z] >>> [apiv2][query] GET https://cloudfunctions.googleapis.com/v2/projects/apex-fitness-9b7b2/locations/us-central1/operations/operation-1757132980943-63e1a6726f8c7-e15ab04d-bfc48c1c [none]
[debug] [2025-09-06T04:30:06.470Z] <<< [apiv2][status] GET https://cloudfunctions.googleapis.com/v2/projects/apex-fitness-9b7b2/locations/us-central1/operations/operation-1757132980943-63e1a6726f8c7-e15ab04d-bfc48c1c 200
[debug] [2025-09-06T04:30:06.470Z] <<< [apiv2][body] GET https://cloudfunctions.googleapis.com/v2/projects/apex-fitness-9b7b2/locations/us-central1/operations/operation-1757132980943-63e1a6726f8c7-e15ab04d-bfc48c1c {"name":"projects/apex-fitness-9b7b2/locations/us-central1/operations/operation-1757132980943-63e1a6726f8c7-e15ab04d-bfc48c1c","metadata":{"@type":"type.googleapis.com/google.cloud.functions.v2.OperationMetadata","createTime":"2025-09-06T04:29:41.789666241Z","target":"projects/apex-fitness-9b7b2/locations/us-central1/functions/api","verb":"update","cancelRequested":false,"apiVersion":"v2","requestResource":{"@type":"type.googleapis.com/google.cloud.functions.v2.Function","name":"projects/apex-fitness-9b7b2/locations/us-central1/functions/api","buildConfig":{"runtime":"nodejs22","entryPoint":"api","source":{"storageSource":{"bucket":"gcf-v2-sources-304117910465-us-central1","object":"api/function-source.zip","generation":"1757132981712283"}},"environmentVariables":{"GOOGLE_NODE_RUN_SCRIPTS":""},"dockerRepository":"projects/apex-fitness-9b7b2/locations/us-central1/repositories/gcf-artifacts","sourceProvenance":{"resolvedStorageSource":{"bucket":"gcf-v2-sources-304117910465-us-central1","object":"api/function-source.zip","generation":"1757131318618029"}},"dockerRegistry":"ARTIFACT_REGISTRY","serviceAccount":"projects/apex-fitness-9b7b2/serviceAccounts/304117910465-compute@developer.gserviceaccount.com","automaticUpdatePolicy":{}},"serviceConfig":{"service":"projects/apex-fitness-9b7b2/locations/us-central1/services/api","timeoutSeconds":60,"environmentVariables":{"FIREBASE_CONFIG":"{\"projectId\":\"apex-fitness-9b7b2\",\"storageBucket\":\"apex-fitness-9b7b2.firebasestorage.app\"}","GCLOUD_PROJECT":"apex-fitness-9b7b2","EVENTARC_CLOUD_EVENT_SOURCE":"projects/apex-fitness-9b7b2/locations/us-central1/services/api","FUNCTION_TARGET":"api","LOG_EXECUTION_ID":"true"},"maxInstanceCount":10,"ingressSettings":"ALLOW_ALL","uri":"https://api-33m6jq752q-uc.a.run.app","serviceAccountEmail":"304117910465-compute@developer.gserviceaccount.com","availableMemory":"256Mi","allTrafficOnLatestRevision":true,"revision":"api-00006-wip","maxInstanceRequestConcurrency":80,"availableCpu":"1"},"state":"ACTIVE","labels":{"deployment-tool":"cli-firebase","firebase-functions-hash":"e95653458ade8b73e4150e3f40bc287eab9406ab"},"environment":"GEN_2","url":"https://us-central1-apex-fitness-9b7b2.cloudfunctions.net/api","satisfiesPzi":true},"stages":[{"name":"BUILD","message":"Build in progress","state":"IN_PROGRESS","resource":"projects/304117910465/locations/us-central1/builds/9590fea1-e387-4663-bf7e-62f1aa5f7f3c","resourceUri":"https://console.cloud.google.com/cloud-build/builds;region=us-central1/9590fea1-e387-4663-bf7e-62f1aa5f7f3c?project=304117910465"},{"name":"SERVICE","state":"NOT_STARTED"}],"operationType":"UPDATE_FUNCTION","buildName":"projects/304117910465/locations/us-central1/builds/9590fea1-e387-4663-bf7e-62f1aa5f7f3c"},"done":false}
[debug] [2025-09-06T04:30:16.478Z] [update-default-us-central1-api] Retrying task index 0
[debug] [2025-09-06T04:30:16.478Z] Checked if tokens are valid: true, expires at: 1757134874095
[debug] [2025-09-06T04:30:16.478Z] Checked if tokens are valid: true, expires at: 1757134874095
[debug] [2025-09-06T04:30:16.478Z] >>> [apiv2][query] GET https://cloudfunctions.googleapis.com/v2/projects/apex-fitness-9b7b2/locations/us-central1/operations/operation-1757132980943-63e1a6726f8c7-e15ab04d-bfc48c1c [none]
[debug] [2025-09-06T04:30:18.010Z] <<< [apiv2][status] GET https://cloudfunctions.googleapis.com/v2/projects/apex-fitness-9b7b2/locations/us-central1/operations/operation-1757132980943-63e1a6726f8c7-e15ab04d-bfc48c1c 200
[debug] [2025-09-06T04:30:18.011Z] <<< [apiv2][body] GET https://cloudfunctions.googleapis.com/v2/projects/apex-fitness-9b7b2/locations/us-central1/operations/operation-1757132980943-63e1a6726f8c7-e15ab04d-bfc48c1c {"name":"projects/apex-fitness-9b7b2/locations/us-central1/operations/operation-1757132980943-63e1a6726f8c7-e15ab04d-bfc48c1c","metadata":{"@type":"type.googleapis.com/google.cloud.functions.v2.OperationMetadata","createTime":"2025-09-06T04:29:41.789666241Z","target":"projects/apex-fitness-9b7b2/locations/us-central1/functions/api","verb":"update","cancelRequested":false,"apiVersion":"v2","requestResource":{"@type":"type.googleapis.com/google.cloud.functions.v2.Function","name":"projects/apex-fitness-9b7b2/locations/us-central1/functions/api","buildConfig":{"runtime":"nodejs22","entryPoint":"api","source":{"storageSource":{"bucket":"gcf-v2-sources-304117910465-us-central1","object":"api/function-source.zip","generation":"1757132981712283"}},"environmentVariables":{"GOOGLE_NODE_RUN_SCRIPTS":""},"dockerRepository":"projects/apex-fitness-9b7b2/locations/us-central1/repositories/gcf-artifacts","sourceProvenance":{"resolvedStorageSource":{"bucket":"gcf-v2-sources-304117910465-us-central1","object":"api/function-source.zip","generation":"1757131318618029"}},"dockerRegistry":"ARTIFACT_REGISTRY","serviceAccount":"projects/apex-fitness-9b7b2/serviceAccounts/304117910465-compute@developer.gserviceaccount.com","automaticUpdatePolicy":{}},"serviceConfig":{"service":"projects/apex-fitness-9b7b2/locations/us-central1/services/api","timeoutSeconds":60,"environmentVariables":{"FIREBASE_CONFIG":"{\"projectId\":\"apex-fitness-9b7b2\",\"storageBucket\":\"apex-fitness-9b7b2.firebasestorage.app\"}","GCLOUD_PROJECT":"apex-fitness-9b7b2","EVENTARC_CLOUD_EVENT_SOURCE":"projects/apex-fitness-9b7b2/locations/us-central1/services/api","FUNCTION_TARGET":"api","LOG_EXECUTION_ID":"true"},"maxInstanceCount":10,"ingressSettings":"ALLOW_ALL","uri":"https://api-33m6jq752q-uc.a.run.app","serviceAccountEmail":"304117910465-compute@developer.gserviceaccount.com","availableMemory":"256Mi","allTrafficOnLatestRevision":true,"revision":"api-00006-wip","maxInstanceRequestConcurrency":80,"availableCpu":"1"},"state":"ACTIVE","labels":{"deployment-tool":"cli-firebase","firebase-functions-hash":"e95653458ade8b73e4150e3f40bc287eab9406ab"},"environment":"GEN_2","url":"https://us-central1-apex-fitness-9b7b2.cloudfunctions.net/api","satisfiesPzi":true},"stages":[{"name":"BUILD","message":"Build in progress","state":"IN_PROGRESS","resource":"projects/304117910465/locations/us-central1/builds/9590fea1-e387-4663-bf7e-62f1aa5f7f3c","resourceUri":"https://console.cloud.google.com/cloud-build/builds;region=us-central1/9590fea1-e387-4663-bf7e-62f1aa5f7f3c?project=304117910465"},{"name":"SERVICE","state":"NOT_STARTED"}],"operationType":"UPDATE_FUNCTION","buildName":"projects/304117910465/locations/us-central1/builds/9590fea1-e387-4663-bf7e-62f1aa5f7f3c"},"done":false}
[debug] [2025-09-06T04:30:28.013Z] [update-default-us-central1-api] Retrying task index 0
[debug] [2025-09-06T04:30:28.013Z] Checked if tokens are valid: true, expires at: 1757134874095
[debug] [2025-09-06T04:30:28.013Z] Checked if tokens are valid: true, expires at: 1757134874095
[debug] [2025-09-06T04:30:28.014Z] >>> [apiv2][query] GET https://cloudfunctions.googleapis.com/v2/projects/apex-fitness-9b7b2/locations/us-central1/operations/operation-1757132980943-63e1a6726f8c7-e15ab04d-bfc48c1c [none]
[debug] [2025-09-06T04:30:29.545Z] <<< [apiv2][status] GET https://cloudfunctions.googleapis.com/v2/projects/apex-fitness-9b7b2/locations/us-central1/operations/operation-1757132980943-63e1a6726f8c7-e15ab04d-bfc48c1c 200
[debug] [2025-09-06T04:30:29.545Z] <<< [apiv2][body] GET https://cloudfunctions.googleapis.com/v2/projects/apex-fitness-9b7b2/locations/us-central1/operations/operation-1757132980943-63e1a6726f8c7-e15ab04d-bfc48c1c {"name":"projects/apex-fitness-9b7b2/locations/us-central1/operations/operation-1757132980943-63e1a6726f8c7-e15ab04d-bfc48c1c","metadata":{"@type":"type.googleapis.com/google.cloud.functions.v2.OperationMetadata","createTime":"2025-09-06T04:29:41.789666241Z","target":"projects/apex-fitness-9b7b2/locations/us-central1/functions/api","verb":"update","cancelRequested":false,"apiVersion":"v2","requestResource":{"@type":"type.googleapis.com/google.cloud.functions.v2.Function","name":"projects/apex-fitness-9b7b2/locations/us-central1/functions/api","buildConfig":{"runtime":"nodejs22","entryPoint":"api","source":{"storageSource":{"bucket":"gcf-v2-sources-304117910465-us-central1","object":"api/function-source.zip","generation":"1757132981712283"}},"environmentVariables":{"GOOGLE_NODE_RUN_SCRIPTS":""},"dockerRepository":"projects/apex-fitness-9b7b2/locations/us-central1/repositories/gcf-artifacts","sourceProvenance":{"resolvedStorageSource":{"bucket":"gcf-v2-sources-304117910465-us-central1","object":"api/function-source.zip","generation":"1757131318618029"}},"dockerRegistry":"ARTIFACT_REGISTRY","serviceAccount":"projects/apex-fitness-9b7b2/serviceAccounts/304117910465-compute@developer.gserviceaccount.com","automaticUpdatePolicy":{}},"serviceConfig":{"service":"projects/apex-fitness-9b7b2/locations/us-central1/services/api","timeoutSeconds":60,"environmentVariables":{"FIREBASE_CONFIG":"{\"projectId\":\"apex-fitness-9b7b2\",\"storageBucket\":\"apex-fitness-9b7b2.firebasestorage.app\"}","GCLOUD_PROJECT":"apex-fitness-9b7b2","EVENTARC_CLOUD_EVENT_SOURCE":"projects/apex-fitness-9b7b2/locations/us-central1/services/api","FUNCTION_TARGET":"api","LOG_EXECUTION_ID":"true"},"maxInstanceCount":10,"ingressSettings":"ALLOW_ALL","uri":"https://api-33m6jq752q-uc.a.run.app","serviceAccountEmail":"304117910465-compute@developer.gserviceaccount.com","availableMemory":"256Mi","allTrafficOnLatestRevision":true,"revision":"api-00006-wip","maxInstanceRequestConcurrency":80,"availableCpu":"1"},"state":"ACTIVE","labels":{"deployment-tool":"cli-firebase","firebase-functions-hash":"e95653458ade8b73e4150e3f40bc287eab9406ab"},"environment":"GEN_2","url":"https://us-central1-apex-fitness-9b7b2.cloudfunctions.net/api","satisfiesPzi":true},"stages":[{"name":"BUILD","message":"Build in progress","state":"IN_PROGRESS","resource":"projects/304117910465/locations/us-central1/builds/9590fea1-e387-4663-bf7e-62f1aa5f7f3c","resourceUri":"https://console.cloud.google.com/cloud-build/builds;region=us-central1/9590fea1-e387-4663-bf7e-62f1aa5f7f3c?project=304117910465"},{"name":"SERVICE","state":"NOT_STARTED"}],"operationType":"UPDATE_FUNCTION","buildName":"projects/304117910465/locations/us-central1/builds/9590fea1-e387-4663-bf7e-62f1aa5f7f3c"},"done":false}
[debug] [2025-09-06T04:30:39.548Z] [update-default-us-central1-api] Retrying task index 0
[debug] [2025-09-06T04:30:39.548Z] Checked if tokens are valid: true, expires at: 1757134874095
[debug] [2025-09-06T04:30:39.548Z] Checked if tokens are valid: true, expires at: 1757134874095
[debug] [2025-09-06T04:30:39.549Z] >>> [apiv2][query] GET https://cloudfunctions.googleapis.com/v2/projects/apex-fitness-9b7b2/locations/us-central1/operations/operation-1757132980943-63e1a6726f8c7-e15ab04d-bfc48c1c [none]
[debug] [2025-09-06T04:30:41.029Z] <<< [apiv2][status] GET https://cloudfunctions.googleapis.com/v2/projects/apex-fitness-9b7b2/locations/us-central1/operations/operation-1757132980943-63e1a6726f8c7-e15ab04d-bfc48c1c 200
[debug] [2025-09-06T04:30:41.030Z] <<< [apiv2][body] GET https://cloudfunctions.googleapis.com/v2/projects/apex-fitness-9b7b2/locations/us-central1/operations/operation-1757132980943-63e1a6726f8c7-e15ab04d-bfc48c1c {"name":"projects/apex-fitness-9b7b2/locations/us-central1/operations/operation-1757132980943-63e1a6726f8c7-e15ab04d-bfc48c1c","metadata":{"@type":"type.googleapis.com/google.cloud.functions.v2.OperationMetadata","createTime":"2025-09-06T04:29:41.789666241Z","target":"projects/apex-fitness-9b7b2/locations/us-central1/functions/api","verb":"update","cancelRequested":false,"apiVersion":"v2","requestResource":{"@type":"type.googleapis.com/google.cloud.functions.v2.Function","name":"projects/apex-fitness-9b7b2/locations/us-central1/functions/api","buildConfig":{"runtime":"nodejs22","entryPoint":"api","source":{"storageSource":{"bucket":"gcf-v2-sources-304117910465-us-central1","object":"api/function-source.zip","generation":"1757132981712283"}},"environmentVariables":{"GOOGLE_NODE_RUN_SCRIPTS":""},"dockerRepository":"projects/apex-fitness-9b7b2/locations/us-central1/repositories/gcf-artifacts","sourceProvenance":{"resolvedStorageSource":{"bucket":"gcf-v2-sources-304117910465-us-central1","object":"api/function-source.zip","generation":"1757131318618029"}},"dockerRegistry":"ARTIFACT_REGISTRY","serviceAccount":"projects/apex-fitness-9b7b2/serviceAccounts/304117910465-compute@developer.gserviceaccount.com","automaticUpdatePolicy":{}},"serviceConfig":{"service":"projects/apex-fitness-9b7b2/locations/us-central1/services/api","timeoutSeconds":60,"environmentVariables":{"FIREBASE_CONFIG":"{\"projectId\":\"apex-fitness-9b7b2\",\"storageBucket\":\"apex-fitness-9b7b2.firebasestorage.app\"}","GCLOUD_PROJECT":"apex-fitness-9b7b2","EVENTARC_CLOUD_EVENT_SOURCE":"projects/apex-fitness-9b7b2/locations/us-central1/services/api","FUNCTION_TARGET":"api","LOG_EXECUTION_ID":"true"},"maxInstanceCount":10,"ingressSettings":"ALLOW_ALL","uri":"https://api-33m6jq752q-uc.a.run.app","serviceAccountEmail":"304117910465-compute@developer.gserviceaccount.com","availableMemory":"256Mi","allTrafficOnLatestRevision":true,"revision":"api-00006-wip","maxInstanceRequestConcurrency":80,"availableCpu":"1"},"state":"ACTIVE","labels":{"deployment-tool":"cli-firebase","firebase-functions-hash":"e95653458ade8b73e4150e3f40bc287eab9406ab"},"environment":"GEN_2","url":"https://us-central1-apex-fitness-9b7b2.cloudfunctions.net/api","satisfiesPzi":true},"stages":[{"name":"BUILD","message":"Build in progress","state":"IN_PROGRESS","resource":"projects/304117910465/locations/us-central1/builds/9590fea1-e387-4663-bf7e-62f1aa5f7f3c","resourceUri":"https://console.cloud.google.com/cloud-build/builds;region=us-central1/9590fea1-e387-4663-bf7e-62f1aa5f7f3c?project=304117910465"},{"name":"SERVICE","state":"NOT_STARTED"}],"operationType":"UPDATE_FUNCTION","buildName":"projects/304117910465/locations/us-central1/builds/9590fea1-e387-4663-bf7e-62f1aa5f7f3c"},"done":false}
[debug] [2025-09-06T04:30:51.041Z] [update-default-us-central1-api] Retrying task index 0
[debug] [2025-09-06T04:30:51.041Z] Checked if tokens are valid: true, expires at: 1757134874095
[debug] [2025-09-06T04:30:51.042Z] Checked if tokens are valid: true, expires at: 1757134874095
[debug] [2025-09-06T04:30:51.042Z] >>> [apiv2][query] GET https://cloudfunctions.googleapis.com/v2/projects/apex-fitness-9b7b2/locations/us-central1/operations/operation-1757132980943-63e1a6726f8c7-e15ab04d-bfc48c1c [none]
[debug] [2025-09-06T04:30:52.608Z] <<< [apiv2][status] GET https://cloudfunctions.googleapis.com/v2/projects/apex-fitness-9b7b2/locations/us-central1/operations/operation-1757132980943-63e1a6726f8c7-e15ab04d-bfc48c1c 200
[debug] [2025-09-06T04:30:52.609Z] <<< [apiv2][body] GET https://cloudfunctions.googleapis.com/v2/projects/apex-fitness-9b7b2/locations/us-central1/operations/operation-1757132980943-63e1a6726f8c7-e15ab04d-bfc48c1c {"name":"projects/apex-fitness-9b7b2/locations/us-central1/operations/operation-1757132980943-63e1a6726f8c7-e15ab04d-bfc48c1c","metadata":{"@type":"type.googleapis.com/google.cloud.functions.v2.OperationMetadata","createTime":"2025-09-06T04:29:41.789666241Z","endTime":"2025-09-06T04:30:40.312102905Z","target":"projects/apex-fitness-9b7b2/locations/us-central1/functions/api","verb":"update","cancelRequested":false,"apiVersion":"v2","requestResource":{"@type":"type.googleapis.com/google.cloud.functions.v2.Function","name":"projects/apex-fitness-9b7b2/locations/us-central1/functions/api","buildConfig":{"runtime":"nodejs22","entryPoint":"api","source":{"storageSource":{"bucket":"gcf-v2-sources-304117910465-us-central1","object":"api/function-source.zip","generation":"1757132981712283"}},"environmentVariables":{"GOOGLE_NODE_RUN_SCRIPTS":""},"dockerRepository":"projects/apex-fitness-9b7b2/locations/us-central1/repositories/gcf-artifacts","sourceProvenance":{"resolvedStorageSource":{"bucket":"gcf-v2-sources-304117910465-us-central1","object":"api/function-source.zip","generation":"1757131318618029"}},"dockerRegistry":"ARTIFACT_REGISTRY","serviceAccount":"projects/apex-fitness-9b7b2/serviceAccounts/304117910465-compute@developer.gserviceaccount.com","automaticUpdatePolicy":{}},"serviceConfig":{"service":"projects/apex-fitness-9b7b2/locations/us-central1/services/api","timeoutSeconds":60,"environmentVariables":{"FIREBASE_CONFIG":"{\"projectId\":\"apex-fitness-9b7b2\",\"storageBucket\":\"apex-fitness-9b7b2.firebasestorage.app\"}","GCLOUD_PROJECT":"apex-fitness-9b7b2","EVENTARC_CLOUD_EVENT_SOURCE":"projects/apex-fitness-9b7b2/locations/us-central1/services/api","FUNCTION_TARGET":"api","LOG_EXECUTION_ID":"true"},"maxInstanceCount":10,"ingressSettings":"ALLOW_ALL","uri":"https://api-33m6jq752q-uc.a.run.app","serviceAccountEmail":"304117910465-compute@developer.gserviceaccount.com","availableMemory":"256Mi","allTrafficOnLatestRevision":true,"revision":"api-00006-wip","maxInstanceRequestConcurrency":80,"availableCpu":"1"},"state":"ACTIVE","labels":{"deployment-tool":"cli-firebase","firebase-functions-hash":"e95653458ade8b73e4150e3f40bc287eab9406ab"},"environment":"GEN_2","url":"https://us-central1-apex-fitness-9b7b2.cloudfunctions.net/api","satisfiesPzi":true},"stages":[{"name":"SERVICE","state":"NOT_STARTED"}],"operationType":"UPDATE_FUNCTION"},"done":true,"error":{"code":3,"message":"Build failed with status: FAILURE and message: npm error code EUSAGE\nnpm error\nnpm error `npm ci` can only install packages when your package.json and package-lock.json or npm-shrinkwrap.json are in sync. Please update your lock file with `npm install` before continuing.\nnpm error\nnpm error Missing: jest@30.1.3 from lock file\nnpm error Missing: @jest/core@30.1.3 from lock file\nnpm error Missing: @jest/types@30.0.5 from lock file\nnpm error Missing: import-local@3.2.0 from lock file\nnpm error Missing: jest-cli@30.1.3 from lock file\nnpm error Missing: @jest/console@30.1.2 from lock file\nnpm error Missing: @jest/pattern@30.0.1 from lock file\nnpm error Missing: @jest/reporters@30.1.3 from lock file\nnpm error Missing: @jest/test-result@30.1.3 from lock file\nnpm error Missing: @jest/transform@30.1.2 from lock file\nnpm error Missing: ansi-escapes@4.3.2 from lock file\nnpm error Missing: chalk@4.1.2 from lock file\nnpm error Missing: ci-info@4.3.0 from lock file\nnpm error Missing: exit-x@0.2.2 from lock file\nnpm error Missing: graceful-fs@4.2.11 from lock file\nnpm error Missing: jest-changed-files@30.0.5 from lock file\nnpm error Missing: jest-config@30.1.3 from lock file\nnpm error Missing: jest-haste-map@30.1.0 from lock file\nnpm error Missing: jest-message-util@30.1.0 from lock file\nnpm error Missing: jest-regex-util@30.0.1 from lock file\nnpm error Missing: jest-resolve@30.1.3 from lock file\nnpm error Missing: jest-resolve-dependencies@30.1.3 from lock file\nnpm error Missing: jest-runner@30.1.3 from lock file\nnpm error Missing: jest-runtime@30.1.3 from lock file\nnpm error Missing: jest-snapshot@30.1.2 from lock file\nnpm error Missing: jest-util@30.0.5 from lock file\nnpm error Missing: jest-validate@30.1.0 from lock file\nnpm error Missing: jest-watcher@30.1.3 from lock file\nnpm error Missing: micromatch@4.0.8 from lock file\nnpm error Missing: pretty-format@30.0.5 from lock file\nnpm error Missing: slash@3.0.0 from lock file\nnpm error Missing: @bcoe/v8-coverage@0.2.3 from lock file\nnpm error Missing: collect-v8-coverage@1.0.2 from lock file\nnpm error Missing: glob@10.4.5 from lock file\nnpm error Missing: istanbul-lib-coverage@3.2.2 from lock file\nnpm error Missing: istanbul-lib-instrument@6.0.3 from lock file\nnpm error Missing: istanbul-lib-report@3.0.1 from lock file\nnpm error Missing: istanbul-lib-source-maps@5.0.6 from lock file\nnpm error Missing: istanbul-reports@3.2.0 from lock file\nnpm error Missing: jest-worker@30.1.0 from lock file\nnpm error Missing: string-length@4.0.2 from lock file\nnpm error Missing: v8-to-istanbul@9.3.0 from lock file\nnpm error Missing: @types/istanbul-lib-coverage@2.0.6 from lock file\nnpm error Missing: @babel/core@7.28.4 from lock file\nnpm error Missing: babel-plugin-istanbul@7.0.1 from lock file\nnpm error Missing: convert-source-map@2.0.0 from lock file\nnpm error Missing: fast-json-stable-stringify@2.1.0 from lock file\nnpm error Missing: pirates@4.0.7 from lock file\nnpm error Missing: write-file-atomic@5.0.1 from lock file\nnpm error Missing: @babel/code-frame@7.27.1 from lock file\nnpm error Missing: @babel/generator@7.28.3 from lock file\nnpm error Missing: @babel/helper-compilation-targets@7.27.2 from lock file\nnpm error Missing: @babel/helper-module-transforms@7.28.3 from lock file\nnpm error Missing: @babel/helpers@7.28.4 from lock file\nnpm error Missing: @babel/parser@7.28.4 from lock file\nnpm error Missing: @babel/template@7.27.2 from lock file\nnpm error Missing: @babel/traverse@7.28.4 from lock file\nnpm error Missing: @babel/types@7.28.4 from lock file\nnpm error Missing: @jridgewell/remapping@2.3.5 from lock file\nnpm error Missing: debug@4.4.1 from lock file\nnpm error Missing: gensync@1.0.0-beta.2 from lock file\nnpm error Missing: json5@2.2.3 from lock file\nnpm error Missing: semver@6.3.1 from lock file\nnpm error Missing: @babel/helper-validator-identifier@7.27.1 from lock file\nnpm error Missing: picocolors@1.1.1 from lock file\nnpm error Missing: @jridgewell/gen-mapping@0.3.13 from lock file\nnpm error Missing: jsesc@3.1.0 from lock file\nnpm error Missing: @babel/compat-data@7.28.4 from lock file\nnpm error Missing: @babel/helper-validator-option@7.27.1 from lock file\nnpm error Missing: browserslist@4.25.4 from lock file\nnpm error Missing: lru-cache@5.1.1 from lock file\nnpm error Missing: semver@6.3.1 from lock file\nnpm error Missing: @babel/helper-module-imports@7.27.1 from lock file\nnpm error Missing: @babel/helper-globals@7.28.0 from lock file\nnpm error Missing: debug@4.4.1 from lock file\nnpm error Missing: @babel/helper-string-parser@7.27.1 from lock file\nnpm error Missing: @jest/schemas@30.0.5 from lock file\nnpm error Missing: @types/istanbul-reports@3.0.4 from lock file\nnpm error Missing: @types/yargs@17.0.33 from lock file\nnpm error Missing: @sinclair/typebox@0.34.41 from lock file\nnpm error Missing: @types/istanbul-lib-report@3.0.3 from lock file\nnpm error Missing: @types/yargs-parser@21.0.3 from lock file\nnpm error Missing: type-fest@0.21.3 from lock file\nnpm error Missing: @babel/helper-plugin-utils@7.27.1 from lock file\nnpm error Missing: @istanbuljs/load-nyc-config@1.1.0 from lock file\nnpm error Missing: @istanbuljs/schema@0.1.3 from lock file\nnpm error Missing: test-exclude@6.0.0 from lock file\nnpm error Missing: camelcase@5.3.1 from lock file\nnpm error Missing: find-up@4.1.0 from lock file\nnpm error Missing: get-package-type@0.1.0 from lock file\nnpm error Missing: js-yaml@3.14.1 from lock file\nnpm error Missing: resolve-from@5.0.0 from lock file\nnpm error Missing: caniuse-lite@1.0.30001741 from lock file\nnpm error Missing: electron-to-chromium@1.5.214 from lock file\nnpm error Missing: node-releases@2.0.20 from lock file\nnpm error Missing: update-browserslist-db@1.1.3 from lock file\nnpm error Missing: supports-color@7.2.0 from lock file\nnpm error Missing: locate-path@5.0.0 from lock file\nnpm error Missing: path-exists@4.0.0 from lock file\nnpm error Missing: foreground-child@3.3.1 from lock file\nnpm error Missing: jackspeak@3.4.3 from lock file\nnpm error Missing: minimatch@9.0.5 from lock file\nnpm error Missing: minipass@7.1.2 from lock file\nnpm error Missing: package-json-from-dist@1.0.1 from lock file\nnpm error Missing: path-scurry@1.11.1 from lock file\nnpm error Missing: cross-spawn@7.0.6 from lock file\nnpm error Missing: signal-exit@4.1.0 from lock file\nnpm error Missing: path-key@3.1.1 from lock file\nnpm error Missing: shebang-command@2.0.0 from lock file\nnpm error Missing: which@2.0.2 from lock file\nnpm error Missing: pkg-dir@4.2.0 from lock file\nnpm error Missing: resolve-cwd@3.0.0 from lock file\nnpm error Missing: make-dir@4.0.0 from lock file\nnpm error Missing: debug@4.4.1 from lock file\nnpm error Missing: html-escaper@2.0.2 from lock file\nnpm error Missing: @isaacs/cliui@8.0.2 from lock file\nnpm error Missing: @pkgjs/parseargs@0.11.0 from lock file\nnpm error Missing: string-width@5.1.2 from lock file\nnpm error Missing: string-width-cjs@4.2.3 from lock file\nnpm error Missing: strip-ansi@7.1.0 from lock file\nnpm error Missing: strip-ansi-cjs@6.0.1 from lock file\nnpm error Missing: wrap-ansi@8.1.0 from lock file\nnpm error Missing: wrap-ansi-cjs@7.0.0 from lock file\nnpm error Missing: execa@5.1.1 from lock file\nnpm error Missing: get-stream@6.0.1 from lock file\nnpm error Missing: human-signals@2.1.0 from lock file\nnpm error Missing: merge-stream@2.0.0 from lock file\nnpm error Missing: npm-run-path@4.0.1 from lock file\nnpm error Missing: onetime@5.1.2 from lock file\nnpm error Missing: signal-exit@3.0.7 from lock file\nnpm error Missing: strip-final-newline@2.0.0 from lock file\nnpm error Missing: @jest/get-type@30.1.0 from lock file\nnpm error Missing: @jest/test-sequencer@30.1.3 from lock file\nnpm error Missing: babel-jest@30.1.2 from lock file\nnpm error Missing: deepmerge@4.3.1 from lock file\nnpm error Missing: jest-circus@30.1.3 from lock file\nnpm error Missing: jest-docblock@30.0.1 from lock file\nnpm error Missing: jest-environment-node@30.1.2 from lock file\nnpm error Missing: parse-json@5.2.0 from lock file\nnpm error Missing: strip-json-comments@3.1.1 from lock file\nnpm error Missing: @types/babel__core@7.20.5 from lock file\nnpm error Missing: babel-preset-jest@30.0.1 from lock file\nnpm error Missing: @types/babel__generator@7.27.0 from lock file\nnpm error Missing: @types/babel__template@7.4.4 from lock file\nnpm error Missing: @types/babel__traverse@7.28.0 from lock file\nnpm error Missing: babel-plugin-jest-hoist@30.0.1 from lock file\nnpm error Missing: babel-preset-current-node-syntax@1.2.0 from lock file\nnpm error Missing: @babel/plugin-syntax-async-generators@7.8.4 from lock file\nnpm error Missing: @babel/plugin-syntax-bigint@7.8.3 from lock file\nnpm error Missing: @babel/plugin-syntax-class-properties@7.12.13 from lock file\nnpm error Missing: @babel/plugin-syntax-class-static-block@7.14.5 from lock file\nnpm error Missing: @babel/plugin-syntax-import-attributes@7.27.1 from lock file\nnpm error Missing: @babel/plugin-syntax-import-meta@7.10.4 from lock file\nnpm error Missing: @babel/plugin-syntax-json-strings@7.8.3 from lock file\nnpm error Missing: @babel/plugin-syntax-logical-assignment-operators@7.10.4 from lock file\nnpm error Missing: @babel/plugin-syntax-nullish-coalescing-operator@7.8.3 from lock file\nnpm error Missing: @babel/plugin-syntax-numeric-separator@7.10.4 from lock file\nnpm error Missing: @babel/plugin-syntax-object-rest-spread@7.8.3 from lock file\nnpm error Missing: @babel/plugin-syntax-optional-catch-binding@7.8.3 from lock file\nnpm error Missing: @babel/plugin-syntax-optional-chaining@7.8.3 from lock file\nnpm error Missing: @babel/plugin-syntax-private-property-in-object@7.14.5 from lock file\nnpm error Missing: @babel/plugin-syntax-top-level-await@7.14.5 from lock file\nnpm error Missing: @jest/environment@30.1.2 from lock file\nnpm error Missing: @jest/expect@30.1.2 from lock file\nnpm error Missing: co@4.6.0 from lock file\nnpm error Missing: dedent@1.7.0 from lock file\nnpm error Missing: is-generator-fn@2.1.0 from lock file\nnpm error Missing: jest-each@30.1.0 from lock file\nnpm error Missing: jest-matcher-utils@30.1.2 from lock file\nnpm error Missing: pure-rand@7.0.1 from lock file\nnpm error Missing: stack-utils@2.0.6 from lock file\nnpm error Missing: @jest/fake-timers@30.1.2 from lock file\nnpm error Missing: jest-mock@30.0.5 from lock file\nnpm error Missing: expect@30.1.2 from lock file\nnpm error Missing: @sinonjs/fake-timers@13.0.5 from lock file\nnpm error Missing: @sinonjs/commons@3.0.1 from lock file\nnpm error Missing: type-detect@4.0.8 from lock file\nnpm error Missing: @jest/expect-utils@30.1.2 from lock file\nnpm error Missing: detect-newline@3.1.0 from lock file\nnpm error Missing: anymatch@3.1.3 from lock file\nnpm error Missing: fb-watchman@2.0.2 from lock file\nnpm error Missing: fsevents@2.3.3 from lock file\nnpm error Missing: walker@1.0.8 from lock file\nnpm error Missing: normalize-path@3.0.0 from lock file\nnpm error Missing: picomatch@2.3.1 from lock file\nnpm error Missing: bser@2.1.1 from lock file\nnpm error Missing: node-int64@0.4.0 from lock file\nnpm error Missing: jest-diff@30.1.2 from lock file\nnpm error Missing: @jest/diff-sequences@30.0.1 from lock file\nnpm error Missing: @types/stack-utils@2.0.3 from lock file\nnpm error Missing: jest-pnp-resolver@1.2.3 from lock file\nnpm error Missing: unrs-resolver@1.11.1 from lock file\nnpm error Missing: emittery@0.13.1 from lock file\nnpm error Missing: jest-leak-detector@30.1.0 from lock file\nnpm error Missing: source-map-support@0.5.13 from lock file\nnpm error Missing: @jest/globals@30.1.2 from lock file\nnpm error Missing: @jest/source-map@30.0.1 from lock file\nnpm error Missing: cjs-module-lexer@2.1.0 from lock file\nnpm error Missing: strip-bom@4.0.0 from lock file\nnpm error Missing: callsites@3.1.0 from lock file\nnpm error Missing: @babel/plugin-syntax-jsx@7.27.1 from lock file\nnpm error Missing: @babel/plugin-syntax-typescript@7.27.1 from lock file\nnpm error Missing: @jest/snapshot-utils@30.1.2 from lock file\nnpm error Missing: synckit@0.11.11 from lock file\nnpm error Missing: natural-compare@1.4.0 from lock file\nnpm error Missing: picomatch@4.0.3 from lock file\nnpm error Missing: camelcase@6.3.0 from lock file\nnpm error Missing: leven@3.1.0 from lock file\nnpm error Missing: @ungap/structured-clone@1.3.0 from lock file\nnpm error Missing: supports-color@8.1.1 from lock file\nnpm error Missing: argparse@1.0.10 from lock file\nnpm error Missing: esprima@4.0.1 from lock file\nnpm error Missing: sprintf-js@1.0.3 from lock file\nnpm error Missing: p-locate@4.1.0 from lock file\nnpm error Missing: braces@3.0.3 from lock file\nnpm error Missing: fill-range@7.1.1 from lock file\nnpm error Missing: to-regex-range@5.0.1 from lock file\nnpm error Missing: brace-expansion@2.0.2 from lock file\nnpm error Missing: balanced-match@1.0.2 from lock file\nnpm error Missing: mimic-fn@2.1.0 from lock file\nnpm error Missing: p-limit@2.3.0 from lock file\nnpm error Missing: error-ex@1.3.2 from lock file\nnpm error Missing: json-parse-even-better-errors@2.3.1 from lock file\nnpm error Missing: lines-and-columns@1.2.4 from lock file\nnpm error Missing: is-arrayish@0.2.1 from lock file\nnpm error Missing: lru-cache@10.4.3 from lock file\nnpm error Missing: ansi-styles@5.2.0 from lock file\nnpm error Missing: shebang-regex@3.0.0 from lock file\nnpm error Missing: buffer-from@1.1.2 from lock file\nnpm error Missing: source-map@0.6.1 from lock file\nnpm error Missing: escape-string-regexp@2.0.0 from lock file\nnpm error Missing: char-regex@1.0.2 from lock file\nnpm error Missing: has-flag@4.0.0 from lock file\nnpm error Missing: @pkgr/core@0.2.9 from lock file\nnpm error Missing: tailwindcss@4.1.13 from lock file\nnpm error Missing: glob@7.2.3 from lock file\nnpm error Missing: minimatch@3.1.2 from lock file\nnpm error Missing: is-number@7.0.0 from lock file\nnpm error Missing: @unrs/resolver-binding-android-arm-eabi@1.11.1 from lock file\nnpm error Missing: @unrs/resolver-binding-android-arm64@1.11.1 from lock file\nnpm error Missing: @unrs/resolver-binding-darwin-arm64@1.11.1 from lock file\nnpm error Missing: @unrs/resolver-binding-darwin-x64@1.11.1 from lock file\nnpm error Missing: @unrs/resolver-binding-freebsd-x64@1.11.1 from lock file\nnpm error Missing: @unrs/resolver-binding-linux-arm-gnueabihf@1.11.1 from lock file\nnpm error Missing: @unrs/resolver-binding-linux-arm-musleabihf@1.11.1 from lock file\nnpm error Missing: @unrs/resolver-binding-linux-arm64-gnu@1.11.1 from lock file\nnpm error Missing: @unrs/resolver-binding-linux-arm64-musl@1.11.1 from lock file\nnpm error Missing: @unrs/resolver-binding-linux-ppc64-gnu@1.11.1 from lock file\nnpm error Missing: @unrs/resolver-binding-linux-riscv64-gnu@1.11.1 from lock file\nnpm error Missing: @unrs/resolver-binding-linux-riscv64-musl@1.11.1 from lock file\nnpm error Missing: @unrs/resolver-binding-linux-s390x-gnu@1.11.1 from lock file\nnpm error Missing: @unrs/resolver-binding-linux-x64-gnu@1.11.1 from lock file\nnpm error Missing: @unrs/resolver-binding-linux-x64-musl@1.11.1 from lock file\nnpm error Missing: @unrs/resolver-binding-wasm32-wasi@1.11.1 from lock file\nnpm error Missing: @unrs/resolver-binding-win32-arm64-msvc@1.11.1 from lock file\nnpm error Missing: @unrs/resolver-binding-win32-ia32-msvc@1.11.1 from lock file\nnpm error Missing: @unrs/resolver-binding-win32-x64-msvc@1.11.1 from lock file\nnpm error Missing: napi-postinstall@0.3.3 from lock file\nnpm error Missing: @napi-rs/wasm-runtime@0.2.12 from lock file\nnpm error Missing: @emnapi/core@1.5.0 from lock file\nnpm error Missing: @emnapi/runtime@1.5.0 from lock file\nnpm error Missing: @tybys/wasm-util@0.10.0 from lock file\nnpm error Missing: @emnapi/wasi-threads@1.1.0 from lock file\nnpm error Missing: makeerror@1.0.12 from lock file\nnpm error Missing: tmpl@1.0.5 from lock file\nnpm error Missing: isexe@2.0.0 from lock file\nnpm error Missing: imurmurhash@0.1.4 from lock file\nnpm error Missing: ms@2.1.3 from lock file\nnpm error Missing: yallist@3.1.1 from lock file\nnpm error Missing: ms@2.1.3 from lock file\nnpm error Missing: eastasianwidth@0.2.0 from lock file\nnpm error Missing: emoji-regex@9.2.2 from lock file\nnpm error Missing: ansi-regex@6.2.0 from lock file\nnpm error Missing: ansi-styles@6.2.1 from lock file\nnpm error Missing: ms@2.1.3 from lock file\nnpm error Missing: p-try@2.2.0 from lock file\nnpm error Missing: fs.realpath@1.0.0 from lock file\nnpm error Missing: inflight@1.0.6 from lock file\nnpm error Missing: path-is-absolute@1.0.1 from lock file\nnpm error Missing: brace-expansion@1.1.12 from lock file\nnpm error Missing: concat-map@0.0.1 from lock file\nnpm error\nnpm error Clean install a project\nnpm error\nnpm error Usage:\nnpm error npm ci\nnpm error\nnpm error Options:\nnpm error [--install-strategy <hoisted|nested|shallow|linked>] [--legacy-bundling]\nnpm error [--global-style] [--omit <dev|optional|peer> [--omit <dev|optional|peer> ...]]\nnpm error [--include <prod|dev|optional|peer> [--include <prod|dev|optional|peer> ...]]\nnpm error [--strict-peer-deps] [--foreground-scripts] [--ignore-scripts] [--no-audit]\nnpm error [--no-bin-links] [--no-fund] [--dry-run]\nnpm error [-w|--workspace <workspace-name> [-w|--workspace <workspace-name> ...]]\nnpm error [-ws|--workspaces] [--include-workspace-root] [--install-links]\nnpm error\nnpm error aliases: clean-install, ic, install-clean, isntall-clean\nnpm error\nnpm error Run \"npm help ci\" for more info\nnpm error A complete log of this run can be found in: /www-data-home/.npm/_logs/2025-09-06T04_30_10_138Z-debug-0.log. For more details see the logs at https://console.cloud.google.com/cloud-build/builds;region=us-central1/9590fea1-e387-4663-bf7e-62f1aa5f7f3c?project=304117910465."}}
[debug] [2025-09-06T04:30:52.609Z] Got source token undefined for region us-central1
[error] Build failed with status: FAILURE and message: npm error code EUSAGE
npm error
npm error `npm ci` can only install packages when your package.json and package-lock.json or npm-shrinkwrap.json are in sync. Please update your lock file with `npm install` before continuing.
npm error
npm error Missing: jest@30.1.3 from lock file
npm error Missing: @jest/core@30.1.3 from lock file
npm error Missing: @jest/types@30.0.5 from lock file
npm error Missing: import-local@3.2.0 from lock file
npm error Missing: jest-cli@30.1.3 from lock file
npm error Missing: @jest/console@30.1.2 from lock file
npm error Missing: @jest/pattern@30.0.1 from lock file
npm error Missing: @jest/reporters@30.1.3 from lock file
npm error Missing: @jest/test-result@30.1.3 from lock file
npm error Missing: @jest/transform@30.1.2 from lock file
npm error Missing: ansi-escapes@4.3.2 from lock file
npm error Missing: chalk@4.1.2 from lock file
npm error Missing: ci-info@4.3.0 from lock file
npm error Missing: exit-x@0.2.2 from lock file
npm error Missing: graceful-fs@4.2.11 from lock file
npm error Missing: jest-changed-files@30.0.5 from lock file
npm error Missing: jest-config@30.1.3 from lock file
npm error Missing: jest-haste-map@30.1.0 from lock file
npm error Missing: jest-message-util@30.1.0 from lock file
npm error Missing: jest-regex-util@30.0.1 from lock file
npm error Missing: jest-resolve@30.1.3 from lock file
npm error Missing: jest-resolve-dependencies@30.1.3 from lock file
npm error Missing: jest-runner@30.1.3 from lock file
npm error Missing: jest-runtime@30.1.3 from lock file
npm error Missing: jest-snapshot@30.1.2 from lock file
npm error Missing: jest-util@30.0.5 from lock file
npm error Missing: jest-validate@30.1.0 from lock file
npm error Missing: jest-watcher@30.1.3 from lock file
npm error Missing: micromatch@4.0.8 from lock file
npm error Missing: pretty-format@30.0.5 from lock file
npm error Missing: slash@3.0.0 from lock file
npm error Missing: @bcoe/v8-coverage@0.2.3 from lock file
npm error Missing: collect-v8-coverage@1.0.2 from lock file
npm error Missing: glob@10.4.5 from lock file
npm error Missing: istanbul-lib-coverage@3.2.2 from lock file
npm error Missing: istanbul-lib-instrument@6.0.3 from lock file
npm error Missing: istanbul-lib-report@3.0.1 from lock file
npm error Missing: istanbul-lib-source-maps@5.0.6 from lock file
npm error Missing: istanbul-reports@3.2.0 from lock file
npm error Missing: jest-worker@30.1.0 from lock file
npm error Missing: string-length@4.0.2 from lock file
npm error Missing: v8-to-istanbul@9.3.0 from lock file
npm error Missing: @types/istanbul-lib-coverage@2.0.6 from lock file
npm error Missing: @babel/core@7.28.4 from lock file
npm error Missing: babel-plugin-istanbul@7.0.1 from lock file
npm error Missing: convert-source-map@2.0.0 from lock file
npm error Missing: fast-json-stable-stringify@2.1.0 from lock file
npm error Missing: pirates@4.0.7 from lock file
npm error Missing: write-file-atomic@5.0.1 from lock file
npm error Missing: @babel/code-frame@7.27.1 from lock file
npm error Missing: @babel/generator@7.28.3 from lock file
npm error Missing: @babel/helper-compilation-targets@7.27.2 from lock file
npm error Missing: @babel/helper-module-transforms@7.28.3 from lock file
npm error Missing: @babel/helpers@7.28.4 from lock file
npm error Missing: @babel/parser@7.28.4 from lock file
npm error Missing: @babel/template@7.27.2 from lock file
npm error Missing: @babel/traverse@7.28.4 from lock file
npm error Missing: @babel/types@7.28.4 from lock file
npm error Missing: @jridgewell/remapping@2.3.5 from lock file
npm error Missing: debug@4.4.1 from lock file
npm error Missing: gensync@1.0.0-beta.2 from lock file
npm error Missing: json5@2.2.3 from lock file
npm error Missing: semver@6.3.1 from lock file
npm error Missing: @babel/helper-validator-identifier@7.27.1 from lock file
npm error Missing: picocolors@1.1.1 from lock file
npm error Missing: @jridgewell/gen-mapping@0.3.13 from lock file
npm error Missing: jsesc@3.1.0 from lock file
npm error Missing: @babel/compat-data@7.28.4 from lock file
npm error Missing: @babel/helper-validator-option@7.27.1 from lock file
npm error Missing: browserslist@4.25.4 from lock file
npm error Missing: lru-cache@5.1.1 from lock file
npm error Missing: semver@6.3.1 from lock file
npm error Missing: @babel/helper-module-imports@7.27.1 from lock file
npm error Missing: @babel/helper-globals@7.28.0 from lock file
npm error Missing: debug@4.4.1 from lock file
npm error Missing: @babel/helper-string-parser@7.27.1 from lock file
npm error Missing: @jest/schemas@30.0.5 from lock file
npm error Missing: @types/istanbul-reports@3.0.4 from lock file
npm error Missing: @types/yargs@17.0.33 from lock file
npm error Missing: @sinclair/typebox@0.34.41 from lock file
npm error Missing: @types/istanbul-lib-report@3.0.3 from lock file
npm error Missing: @types/yargs-parser@21.0.3 from lock file
npm error Missing: type-fest@0.21.3 from lock file
npm error Missing: @babel/helper-plugin-utils@7.27.1 from lock file
npm error Missing: @istanbuljs/load-nyc-config@1.1.0 from lock file
npm error Missing: @istanbuljs/schema@0.1.3 from lock file
npm error Missing: test-exclude@6.0.0 from lock file
npm error Missing: camelcase@5.3.1 from lock file
npm error Missing: find-up@4.1.0 from lock file
npm error Missing: get-package-type@0.1.0 from lock file
npm error Missing: js-yaml@3.14.1 from lock file
npm error Missing: resolve-from@5.0.0 from lock file
npm error Missing: caniuse-lite@1.0.30001741 from lock file
npm error Missing: electron-to-chromium@1.5.214 from lock file
npm error Missing: node-releases@2.0.20 from lock file
npm error Missing: update-browserslist-db@1.1.3 from lock file
npm error Missing: supports-color@7.2.0 from lock file
npm error Missing: locate-path@5.0.0 from lock file
npm error Missing: path-exists@4.0.0 from lock file
npm error Missing: foreground-child@3.3.1 from lock file
npm error Missing: jackspeak@3.4.3 from lock file
npm error Missing: minimatch@9.0.5 from lock file
npm error Missing: minipass@7.1.2 from lock file
npm error Missing: package-json-from-dist@1.0.1 from lock file
npm error Missing: path-scurry@1.11.1 from lock file
npm error Missing: cross-spawn@7.0.6 from lock file
npm error Missing: signal-exit@4.1.0 from lock file
npm error Missing: path-key@3.1.1 from lock file
npm error Missing: shebang-command@2.0.0 from lock file
npm error Missing: which@2.0.2 from lock file
npm error Missing: pkg-dir@4.2.0 from lock file
npm error Missing: resolve-cwd@3.0.0 from lock file
npm error Missing: make-dir@4.0.0 from lock file
npm error Missing: debug@4.4.1 from lock file
npm error Missing: html-escaper@2.0.2 from lock file
npm error Missing: @isaacs/cliui@8.0.2 from lock file
npm error Missing: @pkgjs/parseargs@0.11.0 from lock file
npm error Missing: string-width@5.1.2 from lock file
npm error Missing: string-width-cjs@4.2.3 from lock file
npm error Missing: strip-ansi@7.1.0 from lock file
npm error Missing: strip-ansi-cjs@6.0.1 from lock file
npm error Missing: wrap-ansi@8.1.0 from lock file
npm error Missing: wrap-ansi-cjs@7.0.0 from lock file
npm error Missing: execa@5.1.1 from lock file
npm error Missing: get-stream@6.0.1 from lock file
npm error Missing: human-signals@2.1.0 from lock file
npm error Missing: merge-stream@2.0.0 from lock file
npm error Missing: npm-run-path@4.0.1 from lock file
npm error Missing: onetime@5.1.2 from lock file
npm error Missing: signal-exit@3.0.7 from lock file
npm error Missing: strip-final-newline@2.0.0 from lock file
npm error Missing: @jest/get-type@30.1.0 from lock file
npm error Missing: @jest/test-sequencer@30.1.3 from lock file
npm error Missing: babel-jest@30.1.2 from lock file
npm error Missing: deepmerge@4.3.1 from lock file
npm error Missing: jest-circus@30.1.3 from lock file
npm error Missing: jest-docblock@30.0.1 from lock file
npm error Missing: jest-environment-node@30.1.2 from lock file
npm error Missing: parse-json@5.2.0 from lock file
npm error Missing: strip-json-comments@3.1.1 from lock file
npm error Missing: @types/babel__core@7.20.5 from lock file
npm error Missing: babel-preset-jest@30.0.1 from lock file
npm error Missing: @types/babel__generator@7.27.0 from lock file
npm error Missing: @types/babel__template@7.4.4 from lock file
npm error Missing: @types/babel__traverse@7.28.0 from lock file
npm error Missing: babel-plugin-jest-hoist@30.0.1 from lock file
npm error Missing: babel-preset-current-node-syntax@1.2.0 from lock file
npm error Missing: @babel/plugin-syntax-async-generators@7.8.4 from lock file
npm error Missing: @babel/plugin-syntax-bigint@7.8.3 from lock file
npm error Missing: @babel/plugin-syntax-class-properties@7.12.13 from lock file
npm error Missing: @babel/plugin-syntax-class-static-block@7.14.5 from lock file
npm error Missing: @babel/plugin-syntax-import-attributes@7.27.1 from lock file
npm error Missing: @babel/plugin-syntax-import-meta@7.10.4 from lock file
npm error Missing: @babel/plugin-syntax-json-strings@7.8.3 from lock file
npm error Missing: @babel/plugin-syntax-logical-assignment-operators@7.10.4 from lock file
npm error Missing: @babel/plugin-syntax-nullish-coalescing-operator@7.8.3 from lock file
npm error Missing: @babel/plugin-syntax-numeric-separator@7.10.4 from lock file
npm error Missing: @babel/plugin-syntax-object-rest-spread@7.8.3 from lock file
npm error Missing: @babel/plugin-syntax-optional-catch-binding@7.8.3 from lock file
npm error Missing: @babel/plugin-syntax-optional-chaining@7.8.3 from lock file
npm error Missing: @babel/plugin-syntax-private-property-in-object@7.14.5 from lock file
npm error Missing: @babel/plugin-syntax-top-level-await@7.14.5 from lock file
npm error Missing: @jest/environment@30.1.2 from lock file
npm error Missing: @jest/expect@30.1.2 from lock file
npm error Missing: co@4.6.0 from lock file
npm error Missing: dedent@1.7.0 from lock file
npm error Missing: is-generator-fn@2.1.0 from lock file
npm error Missing: jest-each@30.1.0 from lock file
npm error Missing: jest-matcher-utils@30.1.2 from lock file
npm error Missing: pure-rand@7.0.1 from lock file
npm error Missing: stack-utils@2.0.6 from lock file
npm error Missing: @jest/fake-timers@30.1.2 from lock file
npm error Missing: jest-mock@30.0.5 from lock file
npm error Missing: expect@30.1.2 from lock file
npm error Missing: @sinonjs/fake-timers@13.0.5 from lock file
npm error Missing: @sinonjs/commons@3.0.1 from lock file
npm error Missing: type-detect@4.0.8 from lock file
npm error Missing: @jest/expect-utils@30.1.2 from lock file
npm error Missing: detect-newline@3.1.0 from lock file
npm error Missing: anymatch@3.1.3 from lock file
npm error Missing: fb-watchman@2.0.2 from lock file
npm error Missing: fsevents@2.3.3 from lock file
npm error Missing: walker@1.0.8 from lock file
npm error Missing: normalize-path@3.0.0 from lock file
npm error Missing: picomatch@2.3.1 from lock file
npm error Missing: bser@2.1.1 from lock file
npm error Missing: node-int64@0.4.0 from lock file
npm error Missing: jest-diff@30.1.2 from lock file
npm error Missing: @jest/diff-sequences@30.0.1 from lock file
npm error Missing: @types/stack-utils@2.0.3 from lock file
npm error Missing: jest-pnp-resolver@1.2.3 from lock file
npm error Missing: unrs-resolver@1.11.1 from lock file
npm error Missing: emittery@0.13.1 from lock file
npm error Missing: jest-leak-detector@30.1.0 from lock file
npm error Missing: source-map-support@0.5.13 from lock file
npm error Missing: @jest/globals@30.1.2 from lock file
npm error Missing: @jest/source-map@30.0.1 from lock file
npm error Missing: cjs-module-lexer@2.1.0 from lock file
npm error Missing: strip-bom@4.0.0 from lock file
npm error Missing: callsites@3.1.0 from lock file
npm error Missing: @babel/plugin-syntax-jsx@7.27.1 from lock file
npm error Missing: @babel/plugin-syntax-typescript@7.27.1 from lock file
npm error Missing: @jest/snapshot-utils@30.1.2 from lock file
npm error Missing: synckit@0.11.11 from lock file
npm error Missing: natural-compare@1.4.0 from lock file
npm error Missing: picomatch@4.0.3 from lock file
npm error Missing: camelcase@6.3.0 from lock file
npm error Missing: leven@3.1.0 from lock file
npm error Missing: @ungap/structured-clone@1.3.0 from lock file
npm error Missing: supports-color@8.1.1 from lock file
npm error Missing: argparse@1.0.10 from lock file
npm error Missing: esprima@4.0.1 from lock file
npm error Missing: sprintf-js@1.0.3 from lock file
npm error Missing: p-locate@4.1.0 from lock file
npm error Missing: braces@3.0.3 from lock file
npm error Missing: fill-range@7.1.1 from lock file
npm error Missing: to-regex-range@5.0.1 from lock file
npm error Missing: brace-expansion@2.0.2 from lock file
npm error Missing: balanced-match@1.0.2 from lock file
npm error Missing: mimic-fn@2.1.0 from lock file
npm error Missing: p-limit@2.3.0 from lock file
npm error Missing: error-ex@1.3.2 from lock file
npm error Missing: json-parse-even-better-errors@2.3.1 from lock file
npm error Missing: lines-and-columns@1.2.4 from lock file
npm error Missing: is-arrayish@0.2.1 from lock file
npm error Missing: lru-cache@10.4.3 from lock file
npm error Missing: ansi-styles@5.2.0 from lock file
npm error Missing: shebang-regex@3.0.0 from lock file
npm error Missing: buffer-from@1.1.2 from lock file
npm error Missing: source-map@0.6.1 from lock file
npm error Missing: escape-string-regexp@2.0.0 from lock file
npm error Missing: char-regex@1.0.2 from lock file
npm error Missing: has-flag@4.0.0 from lock file
npm error Missing: @pkgr/core@0.2.9 from lock file
npm error Missing: tailwindcss@4.1.13 from lock file
npm error Missing: glob@7.2.3 from lock file
npm error Missing: minimatch@3.1.2 from lock file
npm error Missing: is-number@7.0.0 from lock file
npm error Missing: @unrs/resolver-binding-android-arm-eabi@1.11.1 from lock file
npm error Missing: @unrs/resolver-binding-android-arm64@1.11.1 from lock file
npm error Missing: @unrs/resolver-binding-darwin-arm64@1.11.1 from lock file
npm error Missing: @unrs/resolver-binding-darwin-x64@1.11.1 from lock file
npm error Missing: @unrs/resolver-binding-freebsd-x64@1.11.1 from lock file
npm error Missing: @unrs/resolver-binding-linux-arm-gnueabihf@1.11.1 from lock file
npm error Missing: @unrs/resolver-binding-linux-arm-musleabihf@1.11.1 from lock file
npm error Missing: @unrs/resolver-binding-linux-arm64-gnu@1.11.1 from lock file
npm error Missing: @unrs/resolver-binding-linux-arm64-musl@1.11.1 from lock file
npm error Missing: @unrs/resolver-binding-linux-ppc64-gnu@1.11.1 from lock file
npm error Missing: @unrs/resolver-binding-linux-riscv64-gnu@1.11.1 from lock file
npm error Missing: @unrs/resolver-binding-linux-riscv64-musl@1.11.1 from lock file
npm error Missing: @unrs/resolver-binding-linux-s390x-gnu@1.11.1 from lock file
npm error Missing: @unrs/resolver-binding-linux-x64-gnu@1.11.1 from lock file
npm error Missing: @unrs/resolver-binding-linux-x64-musl@1.11.1 from lock file
npm error Missing: @unrs/resolver-binding-wasm32-wasi@1.11.1 from lock file
npm error Missing: @unrs/resolver-binding-win32-arm64-msvc@1.11.1 from lock file
npm error Missing: @unrs/resolver-binding-win32-ia32-msvc@1.11.1 from lock file
npm error Missing: @unrs/resolver-binding-win32-x64-msvc@1.11.1 from lock file
npm error Missing: napi-postinstall@0.3.3 from lock file
npm error Missing: @napi-rs/wasm-runtime@0.2.12 from lock file
npm error Missing: @emnapi/core@1.5.0 from lock file
npm error Missing: @emnapi/runtime@1.5.0 from lock file
npm error Missing: @tybys/wasm-util@0.10.0 from lock file
npm error Missing: @emnapi/wasi-threads@1.1.0 from lock file
npm error Missing: makeerror@1.0.12 from lock file
npm error Missing: tmpl@1.0.5 from lock file
npm error Missing: isexe@2.0.0 from lock file
npm error Missing: imurmurhash@0.1.4 from lock file
npm error Missing: ms@2.1.3 from lock file
npm error Missing: yallist@3.1.1 from lock file
npm error Missing: ms@2.1.3 from lock file
npm error Missing: eastasianwidth@0.2.0 from lock file
npm error Missing: emoji-regex@9.2.2 from lock file
npm error Missing: ansi-regex@6.2.0 from lock file
npm error Missing: ansi-styles@6.2.1 from lock file
npm error Missing: ms@2.1.3 from lock file
npm error Missing: p-try@2.2.0 from lock file
npm error Missing: fs.realpath@1.0.0 from lock file
npm error Missing: inflight@1.0.6 from lock file
npm error Missing: path-is-absolute@1.0.1 from lock file
npm error Missing: brace-expansion@1.1.12 from lock file
npm error Missing: concat-map@0.0.1 from lock file
npm error
npm error Clean install a project
npm error
npm error Usage:
npm error npm ci
npm error
npm error Options:
npm error [--install-strategy <hoisted|nested|shallow|linked>] [--legacy-bundling]
npm error [--global-style] [--omit <dev|optional|peer> [--omit <dev|optional|peer> ...]]
npm error [--include <prod|dev|optional|peer> [--include <prod|dev|optional|peer> ...]]
npm error [--strict-peer-deps] [--foreground-scripts] [--ignore-scripts] [--no-audit]
npm error [--no-bin-links] [--no-fund] [--dry-run]
npm error [-w|--workspace <workspace-name> [-w|--workspace <workspace-name> ...]]
npm error [-ws|--workspaces] [--include-workspace-root] [--install-links]
npm error
npm error aliases: clean-install, ic, install-clean, isntall-clean
npm error
npm error Run "npm help ci" for more info
npm error A complete log of this run can be found in: /www-data-home/.npm/_logs/2025-09-06T04_30_10_138Z-debug-0.log. For more details see the logs at https://console.cloud.google.com/cloud-build/builds;region=us-central1/9590fea1-e387-4663-bf7e-62f1aa5f7f3c?project=304117910465.
[debug] [2025-09-06T04:30:52.619Z] Total Function Deployment time: 72177
[debug] [2025-09-06T04:30:52.619Z] 1 Functions Deployed
[debug] [2025-09-06T04:30:52.619Z] 1 Functions Errored
[debug] [2025-09-06T04:30:52.619Z] 0 Function Deployments Aborted
[debug] [2025-09-06T04:30:52.619Z] Average Function Deployment time: 72175
[info] 
[info] Functions deploy had errors with the following functions:
	api(us-central1)
[debug] [2025-09-06T04:30:52.947Z] Not printing URL for HTTPS function. Typically this means it didn't match a filter or we failed deployment
[debug] [2025-09-06T04:30:52.947Z] Checked if tokens are valid: true, expires at: 1757134874095
[debug] [2025-09-06T04:30:52.948Z] Checked if tokens are valid: true, expires at: 1757134874095
[debug] [2025-09-06T04:30:52.948Z] >>> [apiv2][query] GET https://artifactregistry.googleapis.com/v1/projects/apex-fitness-9b7b2/locations/us-central1/repositories/gcf-artifacts [none]
[debug] [2025-09-06T04:30:54.399Z] <<< [apiv2][status] GET https://artifactregistry.googleapis.com/v1/projects/apex-fitness-9b7b2/locations/us-central1/repositories/gcf-artifacts 200
[debug] [2025-09-06T04:30:54.400Z] <<< [apiv2][body] GET https://artifactregistry.googleapis.com/v1/projects/apex-fitness-9b7b2/locations/us-central1/repositories/gcf-artifacts {"name":"projects/apex-fitness-9b7b2/locations/us-central1/repositories/gcf-artifacts","format":"DOCKER","description":"This repository is created and used by Cloud Functions for storing function docker images.","labels":{"goog-managed-by":"cloudfunctions"},"createTime":"2025-09-04T03:48:11.266806Z","updateTime":"2025-09-06T04:02:34.516237Z","mode":"STANDARD_REPOSITORY","cleanupPolicies":{"firebase-functions-cleanup":{"id":"firebase-functions-cleanup","action":"DELETE","condition":{"tagState":"ANY","olderThan":"86400s"}}},"sizeBytes":"482473621","vulnerabilityScanningConfig":{"lastEnableTime":"2025-09-04T03:48:02.671045571Z","enablementState":"SCANNING_DISABLED","enablementStateReason":"API containerscanning.googleapis.com is not enabled."},"satisfiesPzi":true,"registryUri":"us-central1-docker.pkg.dev/apex-fitness-9b7b2/gcf-artifacts"}
[debug] [2025-09-06T04:30:54.400Z] Functions deploy failed.
[debug] [2025-09-06T04:30:54.400Z] {
  "endpoint": {
    "id": "api",
    "project": "apex-fitness-9b7b2",
    "region": "us-central1",
    "entryPoint": "api",
    "platform": "gcfv2",
    "runtime": "nodejs22",
    "httpsTrigger": {},
    "labels": {
      "deployment-tool": "cli-firebase"
    },
    "serviceAccount": null,
    "ingressSettings": null,
    "availableMemoryMb": null,
    "timeoutSeconds": null,
    "maxInstances": 10,
    "minInstances": null,
    "concurrency": 80,
    "vpc": null,
    "environmentVariables": {
      "FIREBASE_CONFIG": "{\"projectId\":\"apex-fitness-9b7b2\",\"storageBucket\":\"apex-fitness-9b7b2.firebasestorage.app\"}",
      "GCLOUD_PROJECT": "apex-fitness-9b7b2",
      "EVENTARC_CLOUD_EVENT_SOURCE": "projects/apex-fitness-9b7b2/locations/us-central1/services/api",
      "FUNCTION_TARGET": "api",
      "LOG_EXECUTION_ID": "true"
    },
    "codebase": "default",
    "runServiceId": "api",
    "cpu": 1,
    "securityLevel": "SECURE_ALWAYS",
    "targetedByOnly": false,
    "hash": "e95653458ade8b73e4150e3f40bc287eab9406ab"
  },
  "op": "update",
  "original": {
    "name": "FirebaseError",
    "children": [],
    "exit": 1,
    "message": "Build failed with status: FAILURE and message: npm error code EUSAGE\nnpm error\nnpm error `npm ci` can only install packages when your package.json and package-lock.json or npm-shrinkwrap.json are in sync. Please update your lock file with `npm install` before continuing.\nnpm error\nnpm error Missing: jest@30.1.3 from lock file\nnpm error Missing: @jest/core@30.1.3 from lock file\nnpm error Missing: @jest/types@30.0.5 from lock file\nnpm error Missing: import-local@3.2.0 from lock file\nnpm error Missing: jest-cli@30.1.3 from lock file\nnpm error Missing: @jest/console@30.1.2 from lock file\nnpm error Missing: @jest/pattern@30.0.1 from lock file\nnpm error Missing: @jest/reporters@30.1.3 from lock file\nnpm error Missing: @jest/test-result@30.1.3 from lock file\nnpm error Missing: @jest/transform@30.1.2 from lock file\nnpm error Missing: ansi-escapes@4.3.2 from lock file\nnpm error Missing: chalk@4.1.2 from lock file\nnpm error Missing: ci-info@4.3.0 from lock file\nnpm error Missing: exit-x@0.2.2 from lock file\nnpm error Missing: graceful-fs@4.2.11 from lock file\nnpm error Missing: jest-changed-files@30.0.5 from lock file\nnpm error Missing: jest-config@30.1.3 from lock file\nnpm error Missing: jest-haste-map@30.1.0 from lock file\nnpm error Missing: jest-message-util@30.1.0 from lock file\nnpm error Missing: jest-regex-util@30.0.1 from lock file\nnpm error Missing: jest-resolve@30.1.3 from lock file\nnpm error Missing: jest-resolve-dependencies@30.1.3 from lock file\nnpm error Missing: jest-runner@30.1.3 from lock file\nnpm error Missing: jest-runtime@30.1.3 from lock file\nnpm error Missing: jest-snapshot@30.1.2 from lock file\nnpm error Missing: jest-util@30.0.5 from lock file\nnpm error Missing: jest-validate@30.1.0 from lock file\nnpm error Missing: jest-watcher@30.1.3 from lock file\nnpm error Missing: micromatch@4.0.8 from lock file\nnpm error Missing: pretty-format@30.0.5 from lock file\nnpm error Missing: slash@3.0.0 from lock file\nnpm error Missing: @bcoe/v8-coverage@0.2.3 from lock file\nnpm error Missing: collect-v8-coverage@1.0.2 from lock file\nnpm error Missing: glob@10.4.5 from lock file\nnpm error Missing: istanbul-lib-coverage@3.2.2 from lock file\nnpm error Missing: istanbul-lib-instrument@6.0.3 from lock file\nnpm error Missing: istanbul-lib-report@3.0.1 from lock file\nnpm error Missing: istanbul-lib-source-maps@5.0.6 from lock file\nnpm error Missing: istanbul-reports@3.2.0 from lock file\nnpm error Missing: jest-worker@30.1.0 from lock file\nnpm error Missing: string-length@4.0.2 from lock file\nnpm error Missing: v8-to-istanbul@9.3.0 from lock file\nnpm error Missing: @types/istanbul-lib-coverage@2.0.6 from lock file\nnpm error Missing: @babel/core@7.28.4 from lock file\nnpm error Missing: babel-plugin-istanbul@7.0.1 from lock file\nnpm error Missing: convert-source-map@2.0.0 from lock file\nnpm error Missing: fast-json-stable-stringify@2.1.0 from lock file\nnpm error Missing: pirates@4.0.7 from lock file\nnpm error Missing: write-file-atomic@5.0.1 from lock file\nnpm error Missing: @babel/code-frame@7.27.1 from lock file\nnpm error Missing: @babel/generator@7.28.3 from lock file\nnpm error Missing: @babel/helper-compilation-targets@7.27.2 from lock file\nnpm error Missing: @babel/helper-module-transforms@7.28.3 from lock file\nnpm error Missing: @babel/helpers@7.28.4 from lock file\nnpm error Missing: @babel/parser@7.28.4 from lock file\nnpm error Missing: @babel/template@7.27.2 from lock file\nnpm error Missing: @babel/traverse@7.28.4 from lock file\nnpm error Missing: @babel/types@7.28.4 from lock file\nnpm error Missing: @jridgewell/remapping@2.3.5 from lock file\nnpm error Missing: debug@4.4.1 from lock file\nnpm error Missing: gensync@1.0.0-beta.2 from lock file\nnpm error Missing: json5@2.2.3 from lock file\nnpm error Missing: semver@6.3.1 from lock file\nnpm error Missing: @babel/helper-validator-identifier@7.27.1 from lock file\nnpm error Missing: picocolors@1.1.1 from lock file\nnpm error Missing: @jridgewell/gen-mapping@0.3.13 from lock file\nnpm error Missing: jsesc@3.1.0 from lock file\nnpm error Missing: @babel/compat-data@7.28.4 from lock file\nnpm error Missing: @babel/helper-validator-option@7.27.1 from lock file\nnpm error Missing: browserslist@4.25.4 from lock file\nnpm error Missing: lru-cache@5.1.1 from lock file\nnpm error Missing: semver@6.3.1 from lock file\nnpm error Missing: @babel/helper-module-imports@7.27.1 from lock file\nnpm error Missing: @babel/helper-globals@7.28.0 from lock file\nnpm error Missing: debug@4.4.1 from lock file\nnpm error Missing: @babel/helper-string-parser@7.27.1 from lock file\nnpm error Missing: @jest/schemas@30.0.5 from lock file\nnpm error Missing: @types/istanbul-reports@3.0.4 from lock file\nnpm error Missing: @types/yargs@17.0.33 from lock file\nnpm error Missing: @sinclair/typebox@0.34.41 from lock file\nnpm error Missing: @types/istanbul-lib-report@3.0.3 from lock file\nnpm error Missing: @types/yargs-parser@21.0.3 from lock file\nnpm error Missing: type-fest@0.21.3 from lock file\nnpm error Missing: @babel/helper-plugin-utils@7.27.1 from lock file\nnpm error Missing: @istanbuljs/load-nyc-config@1.1.0 from lock file\nnpm error Missing: @istanbuljs/schema@0.1.3 from lock file\nnpm error Missing: test-exclude@6.0.0 from lock file\nnpm error Missing: camelcase@5.3.1 from lock file\nnpm error Missing: find-up@4.1.0 from lock file\nnpm error Missing: get-package-type@0.1.0 from lock file\nnpm error Missing: js-yaml@3.14.1 from lock file\nnpm error Missing: resolve-from@5.0.0 from lock file\nnpm error Missing: caniuse-lite@1.0.30001741 from lock file\nnpm error Missing: electron-to-chromium@1.5.214 from lock file\nnpm error Missing: node-releases@2.0.20 from lock file\nnpm error Missing: update-browserslist-db@1.1.3 from lock file\nnpm error Missing: supports-color@7.2.0 from lock file\nnpm error Missing: locate-path@5.0.0 from lock file\nnpm error Missing: path-exists@4.0.0 from lock file\nnpm error Missing: foreground-child@3.3.1 from lock file\nnpm error Missing: jackspeak@3.4.3 from lock file\nnpm error Missing: minimatch@9.0.5 from lock file\nnpm error Missing: minipass@7.1.2 from lock file\nnpm error Missing: package-json-from-dist@1.0.1 from lock file\nnpm error Missing: path-scurry@1.11.1 from lock file\nnpm error Missing: cross-spawn@7.0.6 from lock file\nnpm error Missing: signal-exit@4.1.0 from lock file\nnpm error Missing: path-key@3.1.1 from lock file\nnpm error Missing: shebang-command@2.0.0 from lock file\nnpm error Missing: which@2.0.2 from lock file\nnpm error Missing: pkg-dir@4.2.0 from lock file\nnpm error Missing: resolve-cwd@3.0.0 from lock file\nnpm error Missing: make-dir@4.0.0 from lock file\nnpm error Missing: debug@4.4.1 from lock file\nnpm error Missing: html-escaper@2.0.2 from lock file\nnpm error Missing: @isaacs/cliui@8.0.2 from lock file\nnpm error Missing: @pkgjs/parseargs@0.11.0 from lock file\nnpm error Missing: string-width@5.1.2 from lock file\nnpm error Missing: string-width-cjs@4.2.3 from lock file\nnpm error Missing: strip-ansi@7.1.0 from lock file\nnpm error Missing: strip-ansi-cjs@6.0.1 from lock file\nnpm error Missing: wrap-ansi@8.1.0 from lock file\nnpm error Missing: wrap-ansi-cjs@7.0.0 from lock file\nnpm error Missing: execa@5.1.1 from lock file\nnpm error Missing: get-stream@6.0.1 from lock file\nnpm error Missing: human-signals@2.1.0 from lock file\nnpm error Missing: merge-stream@2.0.0 from lock file\nnpm error Missing: npm-run-path@4.0.1 from lock file\nnpm error Missing: onetime@5.1.2 from lock file\nnpm error Missing: signal-exit@3.0.7 from lock file\nnpm error Missing: strip-final-newline@2.0.0 from lock file\nnpm error Missing: @jest/get-type@30.1.0 from lock file\nnpm error Missing: @jest/test-sequencer@30.1.3 from lock file\nnpm error Missing: babel-jest@30.1.2 from lock file\nnpm error Missing: deepmerge@4.3.1 from lock file\nnpm error Missing: jest-circus@30.1.3 from lock file\nnpm error Missing: jest-docblock@30.0.1 from lock file\nnpm error Missing: jest-environment-node@30.1.2 from lock file\nnpm error Missing: parse-json@5.2.0 from lock file\nnpm error Missing: strip-json-comments@3.1.1 from lock file\nnpm error Missing: @types/babel__core@7.20.5 from lock file\nnpm error Missing: babel-preset-jest@30.0.1 from lock file\nnpm error Missing: @types/babel__generator@7.27.0 from lock file\nnpm error Missing: @types/babel__template@7.4.4 from lock file\nnpm error Missing: @types/babel__traverse@7.28.0 from lock file\nnpm error Missing: babel-plugin-jest-hoist@30.0.1 from lock file\nnpm error Missing: babel-preset-current-node-syntax@1.2.0 from lock file\nnpm error Missing: @babel/plugin-syntax-async-generators@7.8.4 from lock file\nnpm error Missing: @babel/plugin-syntax-bigint@7.8.3 from lock file\nnpm error Missing: @babel/plugin-syntax-class-properties@7.12.13 from lock file\nnpm error Missing: @babel/plugin-syntax-class-static-block@7.14.5 from lock file\nnpm error Missing: @babel/plugin-syntax-import-attributes@7.27.1 from lock file\nnpm error Missing: @babel/plugin-syntax-import-meta@7.10.4 from lock file\nnpm error Missing: @babel/plugin-syntax-json-strings@7.8.3 from lock file\nnpm error Missing: @babel/plugin-syntax-logical-assignment-operators@7.10.4 from lock file\nnpm error Missing: @babel/plugin-syntax-nullish-coalescing-operator@7.8.3 from lock file\nnpm error Missing: @babel/plugin-syntax-numeric-separator@7.10.4 from lock file\nnpm error Missing: @babel/plugin-syntax-object-rest-spread@7.8.3 from lock file\nnpm error Missing: @babel/plugin-syntax-optional-catch-binding@7.8.3 from lock file\nnpm error Missing: @babel/plugin-syntax-optional-chaining@7.8.3 from lock file\nnpm error Missing: @babel/plugin-syntax-private-property-in-object@7.14.5 from lock file\nnpm error Missing: @babel/plugin-syntax-top-level-await@7.14.5 from lock file\nnpm error Missing: @jest/environment@30.1.2 from lock file\nnpm error Missing: @jest/expect@30.1.2 from lock file\nnpm error Missing: co@4.6.0 from lock file\nnpm error Missing: dedent@1.7.0 from lock file\nnpm error Missing: is-generator-fn@2.1.0 from lock file\nnpm error Missing: jest-each@30.1.0 from lock file\nnpm error Missing: jest-matcher-utils@30.1.2 from lock file\nnpm error Missing: pure-rand@7.0.1 from lock file\nnpm error Missing: stack-utils@2.0.6 from lock file\nnpm error Missing: @jest/fake-timers@30.1.2 from lock file\nnpm error Missing: jest-mock@30.0.5 from lock file\nnpm error Missing: expect@30.1.2 from lock file\nnpm error Missing: @sinonjs/fake-timers@13.0.5 from lock file\nnpm error Missing: @sinonjs/commons@3.0.1 from lock file\nnpm error Missing: type-detect@4.0.8 from lock file\nnpm error Missing: @jest/expect-utils@30.1.2 from lock file\nnpm error Missing: detect-newline@3.1.0 from lock file\nnpm error Missing: anymatch@3.1.3 from lock file\nnpm error Missing: fb-watchman@2.0.2 from lock file\nnpm error Missing: fsevents@2.3.3 from lock file\nnpm error Missing: walker@1.0.8 from lock file\nnpm error Missing: normalize-path@3.0.0 from lock file\nnpm error Missing: picomatch@2.3.1 from lock file\nnpm error Missing: bser@2.1.1 from lock file\nnpm error Missing: node-int64@0.4.0 from lock file\nnpm error Missing: jest-diff@30.1.2 from lock file\nnpm error Missing: @jest/diff-sequences@30.0.1 from lock file\nnpm error Missing: @types/stack-utils@2.0.3 from lock file\nnpm error Missing: jest-pnp-resolver@1.2.3 from lock file\nnpm error Missing: unrs-resolver@1.11.1 from lock file\nnpm error Missing: emittery@0.13.1 from lock file\nnpm error Missing: jest-leak-detector@30.1.0 from lock file\nnpm error Missing: source-map-support@0.5.13 from lock file\nnpm error Missing: @jest/globals@30.1.2 from lock file\nnpm error Missing: @jest/source-map@30.0.1 from lock file\nnpm error Missing: cjs-module-lexer@2.1.0 from lock file\nnpm error Missing: strip-bom@4.0.0 from lock file\nnpm error Missing: callsites@3.1.0 from lock file\nnpm error Missing: @babel/plugin-syntax-jsx@7.27.1 from lock file\nnpm error Missing: @babel/plugin-syntax-typescript@7.27.1 from lock file\nnpm error Missing: @jest/snapshot-utils@30.1.2 from lock file\nnpm error Missing: synckit@0.11.11 from lock file\nnpm error Missing: natural-compare@1.4.0 from lock file\nnpm error Missing: picomatch@4.0.3 from lock file\nnpm error Missing: camelcase@6.3.0 from lock file\nnpm error Missing: leven@3.1.0 from lock file\nnpm error Missing: @ungap/structured-clone@1.3.0 from lock file\nnpm error Missing: supports-color@8.1.1 from lock file\nnpm error Missing: argparse@1.0.10 from lock file\nnpm error Missing: esprima@4.0.1 from lock file\nnpm error Missing: sprintf-js@1.0.3 from lock file\nnpm error Missing: p-locate@4.1.0 from lock file\nnpm error Missing: braces@3.0.3 from lock file\nnpm error Missing: fill-range@7.1.1 from lock file\nnpm error Missing: to-regex-range@5.0.1 from lock file\nnpm error Missing: brace-expansion@2.0.2 from lock file\nnpm error Missing: balanced-match@1.0.2 from lock file\nnpm error Missing: mimic-fn@2.1.0 from lock file\nnpm error Missing: p-limit@2.3.0 from lock file\nnpm error Missing: error-ex@1.3.2 from lock file\nnpm error Missing: json-parse-even-better-errors@2.3.1 from lock file\nnpm error Missing: lines-and-columns@1.2.4 from lock file\nnpm error Missing: is-arrayish@0.2.1 from lock file\nnpm error Missing: lru-cache@10.4.3 from lock file\nnpm error Missing: ansi-styles@5.2.0 from lock file\nnpm error Missing: shebang-regex@3.0.0 from lock file\nnpm error Missing: buffer-from@1.1.2 from lock file\nnpm error Missing: source-map@0.6.1 from lock file\nnpm error Missing: escape-string-regexp@2.0.0 from lock file\nnpm error Missing: char-regex@1.0.2 from lock file\nnpm error Missing: has-flag@4.0.0 from lock file\nnpm error Missing: @pkgr/core@0.2.9 from lock file\nnpm error Missing: tailwindcss@4.1.13 from lock file\nnpm error Missing: glob@7.2.3 from lock file\nnpm error Missing: minimatch@3.1.2 from lock file\nnpm error Missing: is-number@7.0.0 from lock file\nnpm error Missing: @unrs/resolver-binding-android-arm-eabi@1.11.1 from lock file\nnpm error Missing: @unrs/resolver-binding-android-arm64@1.11.1 from lock file\nnpm error Missing: @unrs/resolver-binding-darwin-arm64@1.11.1 from lock file\nnpm error Missing: @unrs/resolver-binding-darwin-x64@1.11.1 from lock file\nnpm error Missing: @unrs/resolver-binding-freebsd-x64@1.11.1 from lock file\nnpm error Missing: @unrs/resolver-binding-linux-arm-gnueabihf@1.11.1 from lock file\nnpm error Missing: @unrs/resolver-binding-linux-arm-musleabihf@1.11.1 from lock file\nnpm error Missing: @unrs/resolver-binding-linux-arm64-gnu@1.11.1 from lock file\nnpm error Missing: @unrs/resolver-binding-linux-arm64-musl@1.11.1 from lock file\nnpm error Missing: @unrs/resolver-binding-linux-ppc64-gnu@1.11.1 from lock file\nnpm error Missing: @unrs/resolver-binding-linux-riscv64-gnu@1.11.1 from lock file\nnpm error Missing: @unrs/resolver-binding-linux-riscv64-musl@1.11.1 from lock file\nnpm error Missing: @unrs/resolver-binding-linux-s390x-gnu@1.11.1 from lock file\nnpm error Missing: @unrs/resolver-binding-linux-x64-gnu@1.11.1 from lock file\nnpm error Missing: @unrs/resolver-binding-linux-x64-musl@1.11.1 from lock file\nnpm error Missing: @unrs/resolver-binding-wasm32-wasi@1.11.1 from lock file\nnpm error Missing: @unrs/resolver-binding-win32-arm64-msvc@1.11.1 from lock file\nnpm error Missing: @unrs/resolver-binding-win32-ia32-msvc@1.11.1 from lock file\nnpm error Missing: @unrs/resolver-binding-win32-x64-msvc@1.11.1 from lock file\nnpm error Missing: napi-postinstall@0.3.3 from lock file\nnpm error Missing: @napi-rs/wasm-runtime@0.2.12 from lock file\nnpm error Missing: @emnapi/core@1.5.0 from lock file\nnpm error Missing: @emnapi/runtime@1.5.0 from lock file\nnpm error Missing: @tybys/wasm-util@0.10.0 from lock file\nnpm error Missing: @emnapi/wasi-threads@1.1.0 from lock file\nnpm error Missing: makeerror@1.0.12 from lock file\nnpm error Missing: tmpl@1.0.5 from lock file\nnpm error Missing: isexe@2.0.0 from lock file\nnpm error Missing: imurmurhash@0.1.4 from lock file\nnpm error Missing: ms@2.1.3 from lock file\nnpm error Missing: yallist@3.1.1 from lock file\nnpm error Missing: ms@2.1.3 from lock file\nnpm error Missing: eastasianwidth@0.2.0 from lock file\nnpm error Missing: emoji-regex@9.2.2 from lock file\nnpm error Missing: ansi-regex@6.2.0 from lock file\nnpm error Missing: ansi-styles@6.2.1 from lock file\nnpm error Missing: ms@2.1.3 from lock file\nnpm error Missing: p-try@2.2.0 from lock file\nnpm error Missing: fs.realpath@1.0.0 from lock file\nnpm error Missing: inflight@1.0.6 from lock file\nnpm error Missing: path-is-absolute@1.0.1 from lock file\nnpm error Missing: brace-expansion@1.1.12 from lock file\nnpm error Missing: concat-map@0.0.1 from lock file\nnpm error\nnpm error Clean install a project\nnpm error\nnpm error Usage:\nnpm error npm ci\nnpm error\nnpm error Options:\nnpm error [--install-strategy <hoisted|nested|shallow|linked>] [--legacy-bundling]\nnpm error [--global-style] [--omit <dev|optional|peer> [--omit <dev|optional|peer> ...]]\nnpm error [--include <prod|dev|optional|peer> [--include <prod|dev|optional|peer> ...]]\nnpm error [--strict-peer-deps] [--foreground-scripts] [--ignore-scripts] [--no-audit]\nnpm error [--no-bin-links] [--no-fund] [--dry-run]\nnpm error [-w|--workspace <workspace-name> [-w|--workspace <workspace-name> ...]]\nnpm error [-ws|--workspaces] [--include-workspace-root] [--install-links]\nnpm error\nnpm error aliases: clean-install, ic, install-clean, isntall-clean\nnpm error\nnpm error Run \"npm help ci\" for more info\nnpm error A complete log of this run can be found in: /www-data-home/.npm/_logs/2025-09-06T04_30_10_138Z-debug-0.log. For more details see the logs at https://console.cloud.google.com/cloud-build/builds;region=us-central1/9590fea1-e387-4663-bf7e-62f1aa5f7f3c?project=304117910465.",
    "original": {
      "code": 3,
      "message": "Build failed with status: FAILURE and message: npm error code EUSAGE\nnpm error\nnpm error `npm ci` can only install packages when your package.json and package-lock.json or npm-shrinkwrap.json are in sync. Please update your lock file with `npm install` before continuing.\nnpm error\nnpm error Missing: jest@30.1.3 from lock file\nnpm error Missing: @jest/core@30.1.3 from lock file\nnpm error Missing: @jest/types@30.0.5 from lock file\nnpm error Missing: import-local@3.2.0 from lock file\nnpm error Missing: jest-cli@30.1.3 from lock file\nnpm error Missing: @jest/console@30.1.2 from lock file\nnpm error Missing: @jest/pattern@30.0.1 from lock file\nnpm error Missing: @jest/reporters@30.1.3 from lock file\nnpm error Missing: @jest/test-result@30.1.3 from lock file\nnpm error Missing: @jest/transform@30.1.2 from lock file\nnpm error Missing: ansi-escapes@4.3.2 from lock file\nnpm error Missing: chalk@4.1.2 from lock file\nnpm error Missing: ci-info@4.3.0 from lock file\nnpm error Missing: exit-x@0.2.2 from lock file\nnpm error Missing: graceful-fs@4.2.11 from lock file\nnpm error Missing: jest-changed-files@30.0.5 from lock file\nnpm error Missing: jest-config@30.1.3 from lock file\nnpm error Missing: jest-haste-map@30.1.0 from lock file\nnpm error Missing: jest-message-util@30.1.0 from lock file\nnpm error Missing: jest-regex-util@30.0.1 from lock file\nnpm error Missing: jest-resolve@30.1.3 from lock file\nnpm error Missing: jest-resolve-dependencies@30.1.3 from lock file\nnpm error Missing: jest-runner@30.1.3 from lock file\nnpm error Missing: jest-runtime@30.1.3 from lock file\nnpm error Missing: jest-snapshot@30.1.2 from lock file\nnpm error Missing: jest-util@30.0.5 from lock file\nnpm error Missing: jest-validate@30.1.0 from lock file\nnpm error Missing: jest-watcher@30.1.3 from lock file\nnpm error Missing: micromatch@4.0.8 from lock file\nnpm error Missing: pretty-format@30.0.5 from lock file\nnpm error Missing: slash@3.0.0 from lock file\nnpm error Missing: @bcoe/v8-coverage@0.2.3 from lock file\nnpm error Missing: collect-v8-coverage@1.0.2 from lock file\nnpm error Missing: glob@10.4.5 from lock file\nnpm error Missing: istanbul-lib-coverage@3.2.2 from lock file\nnpm error Missing: istanbul-lib-instrument@6.0.3 from lock file\nnpm error Missing: istanbul-lib-report@3.0.1 from lock file\nnpm error Missing: istanbul-lib-source-maps@5.0.6 from lock file\nnpm error Missing: istanbul-reports@3.2.0 from lock file\nnpm error Missing: jest-worker@30.1.0 from lock file\nnpm error Missing: string-length@4.0.2 from lock file\nnpm error Missing: v8-to-istanbul@9.3.0 from lock file\nnpm error Missing: @types/istanbul-lib-coverage@2.0.6 from lock file\nnpm error Missing: @babel/core@7.28.4 from lock file\nnpm error Missing: babel-plugin-istanbul@7.0.1 from lock file\nnpm error Missing: convert-source-map@2.0.0 from lock file\nnpm error Missing: fast-json-stable-stringify@2.1.0 from lock file\nnpm error Missing: pirates@4.0.7 from lock file\nnpm error Missing: write-file-atomic@5.0.1 from lock file\nnpm error Missing: @babel/code-frame@7.27.1 from lock file\nnpm error Missing: @babel/generator@7.28.3 from lock file\nnpm error Missing: @babel/helper-compilation-targets@7.27.2 from lock file\nnpm error Missing: @babel/helper-module-transforms@7.28.3 from lock file\nnpm error Missing: @babel/helpers@7.28.4 from lock file\nnpm error Missing: @babel/parser@7.28.4 from lock file\nnpm error Missing: @babel/template@7.27.2 from lock file\nnpm error Missing: @babel/traverse@7.28.4 from lock file\nnpm error Missing: @babel/types@7.28.4 from lock file\nnpm error Missing: @jridgewell/remapping@2.3.5 from lock file\nnpm error Missing: debug@4.4.1 from lock file\nnpm error Missing: gensync@1.0.0-beta.2 from lock file\nnpm error Missing: json5@2.2.3 from lock file\nnpm error Missing: semver@6.3.1 from lock file\nnpm error Missing: @babel/helper-validator-identifier@7.27.1 from lock file\nnpm error Missing: picocolors@1.1.1 from lock file\nnpm error Missing: @jridgewell/gen-mapping@0.3.13 from lock file\nnpm error Missing: jsesc@3.1.0 from lock file\nnpm error Missing: @babel/compat-data@7.28.4 from lock file\nnpm error Missing: @babel/helper-validator-option@7.27.1 from lock file\nnpm error Missing: browserslist@4.25.4 from lock file\nnpm error Missing: lru-cache@5.1.1 from lock file\nnpm error Missing: semver@6.3.1 from lock file\nnpm error Missing: @babel/helper-module-imports@7.27.1 from lock file\nnpm error Missing: @babel/helper-globals@7.28.0 from lock file\nnpm error Missing: debug@4.4.1 from lock file\nnpm error Missing: @babel/helper-string-parser@7.27.1 from lock file\nnpm error Missing: @jest/schemas@30.0.5 from lock file\nnpm error Missing: @types/istanbul-reports@3.0.4 from lock file\nnpm error Missing: @types/yargs@17.0.33 from lock file\nnpm error Missing: @sinclair/typebox@0.34.41 from lock file\nnpm error Missing: @types/istanbul-lib-report@3.0.3 from lock file\nnpm error Missing: @types/yargs-parser@21.0.3 from lock file\nnpm error Missing: type-fest@0.21.3 from lock file\nnpm error Missing: @babel/helper-plugin-utils@7.27.1 from lock file\nnpm error Missing: @istanbuljs/load-nyc-config@1.1.0 from lock file\nnpm error Missing: @istanbuljs/schema@0.1.3 from lock file\nnpm error Missing: test-exclude@6.0.0 from lock file\nnpm error Missing: camelcase@5.3.1 from lock file\nnpm error Missing: find-up@4.1.0 from lock file\nnpm error Missing: get-package-type@0.1.0 from lock file\nnpm error Missing: js-yaml@3.14.1 from lock file\nnpm error Missing: resolve-from@5.0.0 from lock file\nnpm error Missing: caniuse-lite@1.0.30001741 from lock file\nnpm error Missing: electron-to-chromium@1.5.214 from lock file\nnpm error Missing: node-releases@2.0.20 from lock file\nnpm error Missing: update-browserslist-db@1.1.3 from lock file\nnpm error Missing: supports-color@7.2.0 from lock file\nnpm error Missing: locate-path@5.0.0 from lock file\nnpm error Missing: path-exists@4.0.0 from lock file\nnpm error Missing: foreground-child@3.3.1 from lock file\nnpm error Missing: jackspeak@3.4.3 from lock file\nnpm error Missing: minimatch@9.0.5 from lock file\nnpm error Missing: minipass@7.1.2 from lock file\nnpm error Missing: package-json-from-dist@1.0.1 from lock file\nnpm error Missing: path-scurry@1.11.1 from lock file\nnpm error Missing: cross-spawn@7.0.6 from lock file\nnpm error Missing: signal-exit@4.1.0 from lock file\nnpm error Missing: path-key@3.1.1 from lock file\nnpm error Missing: shebang-command@2.0.0 from lock file\nnpm error Missing: which@2.0.2 from lock file\nnpm error Missing: pkg-dir@4.2.0 from lock file\nnpm error Missing: resolve-cwd@3.0.0 from lock file\nnpm error Missing: make-dir@4.0.0 from lock file\nnpm error Missing: debug@4.4.1 from lock file\nnpm error Missing: html-escaper@2.0.2 from lock file\nnpm error Missing: @isaacs/cliui@8.0.2 from lock file\nnpm error Missing: @pkgjs/parseargs@0.11.0 from lock file\nnpm error Missing: string-width@5.1.2 from lock file\nnpm error Missing: string-width-cjs@4.2.3 from lock file\nnpm error Missing: strip-ansi@7.1.0 from lock file\nnpm error Missing: strip-ansi-cjs@6.0.1 from lock file\nnpm error Missing: wrap-ansi@8.1.0 from lock file\nnpm error Missing: wrap-ansi-cjs@7.0.0 from lock file\nnpm error Missing: execa@5.1.1 from lock file\nnpm error Missing: get-stream@6.0.1 from lock file\nnpm error Missing: human-signals@2.1.0 from lock file\nnpm error Missing: merge-stream@2.0.0 from lock file\nnpm error Missing: npm-run-path@4.0.1 from lock file\nnpm error Missing: onetime@5.1.2 from lock file\nnpm error Missing: signal-exit@3.0.7 from lock file\nnpm error Missing: strip-final-newline@2.0.0 from lock file\nnpm error Missing: @jest/get-type@30.1.0 from lock file\nnpm error Missing: @jest/test-sequencer@30.1.3 from lock file\nnpm error Missing: babel-jest@30.1.2 from lock file\nnpm error Missing: deepmerge@4.3.1 from lock file\nnpm error Missing: jest-circus@30.1.3 from lock file\nnpm error Missing: jest-docblock@30.0.1 from lock file\nnpm error Missing: jest-environment-node@30.1.2 from lock file\nnpm error Missing: parse-json@5.2.0 from lock file\nnpm error Missing: strip-json-comments@3.1.1 from lock file\nnpm error Missing: @types/babel__core@7.20.5 from lock file\nnpm error Missing: babel-preset-jest@30.0.1 from lock file\nnpm error Missing: @types/babel__generator@7.27.0 from lock file\nnpm error Missing: @types/babel__template@7.4.4 from lock file\nnpm error Missing: @types/babel__traverse@7.28.0 from lock file\nnpm error Missing: babel-plugin-jest-hoist@30.0.1 from lock file\nnpm error Missing: babel-preset-current-node-syntax@1.2.0 from lock file\nnpm error Missing: @babel/plugin-syntax-async-generators@7.8.4 from lock file\nnpm error Missing: @babel/plugin-syntax-bigint@7.8.3 from lock file\nnpm error Missing: @babel/plugin-syntax-class-properties@7.12.13 from lock file\nnpm error Missing: @babel/plugin-syntax-class-static-block@7.14.5 from lock file\nnpm error Missing: @babel/plugin-syntax-import-attributes@7.27.1 from lock file\nnpm error Missing: @babel/plugin-syntax-import-meta@7.10.4 from lock file\nnpm error Missing: @babel/plugin-syntax-json-strings@7.8.3 from lock file\nnpm error Missing: @babel/plugin-syntax-logical-assignment-operators@7.10.4 from lock file\nnpm error Missing: @babel/plugin-syntax-nullish-coalescing-operator@7.8.3 from lock file\nnpm error Missing: @babel/plugin-syntax-numeric-separator@7.10.4 from lock file\nnpm error Missing: @babel/plugin-syntax-object-rest-spread@7.8.3 from lock file\nnpm error Missing: @babel/plugin-syntax-optional-catch-binding@7.8.3 from lock file\nnpm error Missing: @babel/plugin-syntax-optional-chaining@7.8.3 from lock file\nnpm error Missing: @babel/plugin-syntax-private-property-in-object@7.14.5 from lock file\nnpm error Missing: @babel/plugin-syntax-top-level-await@7.14.5 from lock file\nnpm error Missing: @jest/environment@30.1.2 from lock file\nnpm error Missing: @jest/expect@30.1.2 from lock file\nnpm error Missing: co@4.6.0 from lock file\nnpm error Missing: dedent@1.7.0 from lock file\nnpm error Missing: is-generator-fn@2.1.0 from lock file\nnpm error Missing: jest-each@30.1.0 from lock file\nnpm error Missing: jest-matcher-utils@30.1.2 from lock file\nnpm error Missing: pure-rand@7.0.1 from lock file\nnpm error Missing: stack-utils@2.0.6 from lock file\nnpm error Missing: @jest/fake-timers@30.1.2 from lock file\nnpm error Missing: jest-mock@30.0.5 from lock file\nnpm error Missing: expect@30.1.2 from lock file\nnpm error Missing: @sinonjs/fake-timers@13.0.5 from lock file\nnpm error Missing: @sinonjs/commons@3.0.1 from lock file\nnpm error Missing: type-detect@4.0.8 from lock file\nnpm error Missing: @jest/expect-utils@30.1.2 from lock file\nnpm error Missing: detect-newline@3.1.0 from lock file\nnpm error Missing: anymatch@3.1.3 from lock file\nnpm error Missing: fb-watchman@2.0.2 from lock file\nnpm error Missing: fsevents@2.3.3 from lock file\nnpm error Missing: walker@1.0.8 from lock file\nnpm error Missing: normalize-path@3.0.0 from lock file\nnpm error Missing: picomatch@2.3.1 from lock file\nnpm error Missing: bser@2.1.1 from lock file\nnpm error Missing: node-int64@0.4.0 from lock file\nnpm error Missing: jest-diff@30.1.2 from lock file\nnpm error Missing: @jest/diff-sequences@30.0.1 from lock file\nnpm error Missing: @types/stack-utils@2.0.3 from lock file\nnpm error Missing: jest-pnp-resolver@1.2.3 from lock file\nnpm error Missing: unrs-resolver@1.11.1 from lock file\nnpm error Missing: emittery@0.13.1 from lock file\nnpm error Missing: jest-leak-detector@30.1.0 from lock file\nnpm error Missing: source-map-support@0.5.13 from lock file\nnpm error Missing: @jest/globals@30.1.2 from lock file\nnpm error Missing: @jest/source-map@30.0.1 from lock file\nnpm error Missing: cjs-module-lexer@2.1.0 from lock file\nnpm error Missing: strip-bom@4.0.0 from lock file\nnpm error Missing: callsites@3.1.0 from lock file\nnpm error Missing: @babel/plugin-syntax-jsx@7.27.1 from lock file\nnpm error Missing: @babel/plugin-syntax-typescript@7.27.1 from lock file\nnpm error Missing: @jest/snapshot-utils@30.1.2 from lock file\nnpm error Missing: synckit@0.11.11 from lock file\nnpm error Missing: natural-compare@1.4.0 from lock file\nnpm error Missing: picomatch@4.0.3 from lock file\nnpm error Missing: camelcase@6.3.0 from lock file\nnpm error Missing: leven@3.1.0 from lock file\nnpm error Missing: @ungap/structured-clone@1.3.0 from lock file\nnpm error Missing: supports-color@8.1.1 from lock file\nnpm error Missing: argparse@1.0.10 from lock file\nnpm error Missing: esprima@4.0.1 from lock file\nnpm error Missing: sprintf-js@1.0.3 from lock file\nnpm error Missing: p-locate@4.1.0 from lock file\nnpm error Missing: braces@3.0.3 from lock file\nnpm error Missing: fill-range@7.1.1 from lock file\nnpm error Missing: to-regex-range@5.0.1 from lock file\nnpm error Missing: brace-expansion@2.0.2 from lock file\nnpm error Missing: balanced-match@1.0.2 from lock file\nnpm error Missing: mimic-fn@2.1.0 from lock file\nnpm error Missing: p-limit@2.3.0 from lock file\nnpm error Missing: error-ex@1.3.2 from lock file\nnpm error Missing: json-parse-even-better-errors@2.3.1 from lock file\nnpm error Missing: lines-and-columns@1.2.4 from lock file\nnpm error Missing: is-arrayish@0.2.1 from lock file\nnpm error Missing: lru-cache@10.4.3 from lock file\nnpm error Missing: ansi-styles@5.2.0 from lock file\nnpm error Missing: shebang-regex@3.0.0 from lock file\nnpm error Missing: buffer-from@1.1.2 from lock file\nnpm error Missing: source-map@0.6.1 from lock file\nnpm error Missing: escape-string-regexp@2.0.0 from lock file\nnpm error Missing: char-regex@1.0.2 from lock file\nnpm error Missing: has-flag@4.0.0 from lock file\nnpm error Missing: @pkgr/core@0.2.9 from lock file\nnpm error Missing: tailwindcss@4.1.13 from lock file\nnpm error Missing: glob@7.2.3 from lock file\nnpm error Missing: minimatch@3.1.2 from lock file\nnpm error Missing: is-number@7.0.0 from lock file\nnpm error Missing: @unrs/resolver-binding-android-arm-eabi@1.11.1 from lock file\nnpm error Missing: @unrs/resolver-binding-android-arm64@1.11.1 from lock file\nnpm error Missing: @unrs/resolver-binding-darwin-arm64@1.11.1 from lock file\nnpm error Missing: @unrs/resolver-binding-darwin-x64@1.11.1 from lock file\nnpm error Missing: @unrs/resolver-binding-freebsd-x64@1.11.1 from lock file\nnpm error Missing: @unrs/resolver-binding-linux-arm-gnueabihf@1.11.1 from lock file\nnpm error Missing: @unrs/resolver-binding-linux-arm-musleabihf@1.11.1 from lock file\nnpm error Missing: @unrs/resolver-binding-linux-arm64-gnu@1.11.1 from lock file\nnpm error Missing: @unrs/resolver-binding-linux-arm64-musl@1.11.1 from lock file\nnpm error Missing: @unrs/resolver-binding-linux-ppc64-gnu@1.11.1 from lock file\nnpm error Missing: @unrs/resolver-binding-linux-riscv64-gnu@1.11.1 from lock file\nnpm error Missing: @unrs/resolver-binding-linux-riscv64-musl@1.11.1 from lock file\nnpm error Missing: @unrs/resolver-binding-linux-s390x-gnu@1.11.1 from lock file\nnpm error Missing: @unrs/resolver-binding-linux-x64-gnu@1.11.1 from lock file\nnpm error Missing: @unrs/resolver-binding-linux-x64-musl@1.11.1 from lock file\nnpm error Missing: @unrs/resolver-binding-wasm32-wasi@1.11.1 from lock file\nnpm error Missing: @unrs/resolver-binding-win32-arm64-msvc@1.11.1 from lock file\nnpm error Missing: @unrs/resolver-binding-win32-ia32-msvc@1.11.1 from lock file\nnpm error Missing: @unrs/resolver-binding-win32-x64-msvc@1.11.1 from lock file\nnpm error Missing: napi-postinstall@0.3.3 from lock file\nnpm error Missing: @napi-rs/wasm-runtime@0.2.12 from lock file\nnpm error Missing: @emnapi/core@1.5.0 from lock file\nnpm error Missing: @emnapi/runtime@1.5.0 from lock file\nnpm error Missing: @tybys/wasm-util@0.10.0 from lock file\nnpm error Missing: @emnapi/wasi-threads@1.1.0 from lock file\nnpm error Missing: makeerror@1.0.12 from lock file\nnpm error Missing: tmpl@1.0.5 from lock file\nnpm error Missing: isexe@2.0.0 from lock file\nnpm error Missing: imurmurhash@0.1.4 from lock file\nnpm error Missing: ms@2.1.3 from lock file\nnpm error Missing: yallist@3.1.1 from lock file\nnpm error Missing: ms@2.1.3 from lock file\nnpm error Missing: eastasianwidth@0.2.0 from lock file\nnpm error Missing: emoji-regex@9.2.2 from lock file\nnpm error Missing: ansi-regex@6.2.0 from lock file\nnpm error Missing: ansi-styles@6.2.1 from lock file\nnpm error Missing: ms@2.1.3 from lock file\nnpm error Missing: p-try@2.2.0 from lock file\nnpm error Missing: fs.realpath@1.0.0 from lock file\nnpm error Missing: inflight@1.0.6 from lock file\nnpm error Missing: path-is-absolute@1.0.1 from lock file\nnpm error Missing: brace-expansion@1.1.12 from lock file\nnpm error Missing: concat-map@0.0.1 from lock file\nnpm error\nnpm error Clean install a project\nnpm error\nnpm error Usage:\nnpm error npm ci\nnpm error\nnpm error Options:\nnpm error [--install-strategy <hoisted|nested|shallow|linked>] [--legacy-bundling]\nnpm error [--global-style] [--omit <dev|optional|peer> [--omit <dev|optional|peer> ...]]\nnpm error [--include <prod|dev|optional|peer> [--include <prod|dev|optional|peer> ...]]\nnpm error [--strict-peer-deps] [--foreground-scripts] [--ignore-scripts] [--no-audit]\nnpm error [--no-bin-links] [--no-fund] [--dry-run]\nnpm error [-w|--workspace <workspace-name> [-w|--workspace <workspace-name> ...]]\nnpm error [-ws|--workspaces] [--include-workspace-root] [--install-links]\nnpm error\nnpm error aliases: clean-install, ic, install-clean, isntall-clean\nnpm error\nnpm error Run \"npm help ci\" for more info\nnpm error A complete log of this run can be found in: /www-data-home/.npm/_logs/2025-09-06T04_30_10_138Z-debug-0.log. For more details see the logs at https://console.cloud.google.com/cloud-build/builds;region=us-central1/9590fea1-e387-4663-bf7e-62f1aa5f7f3c?project=304117910465."
    },
    "status": 3,
    "code": 3
  }
}
[debug] [2025-09-06T04:30:54.542Z] Error: Failed to update function api in region us-central1
    at C:\Users\mishr\AppData\Roaming\npm\node_modules\firebase-tools\lib\deploy\functions\release\fabricator.js:411:19
    at process.processTicksAndRejections (node:internal/process/task_queues:105:5)
    at async Fabricator.updateV2Function (C:\Users\mishr\AppData\Roaming\npm\node_modules\firebase-tools\lib\deploy\functions\release\fabricator.js:400:32)
    at async Fabricator.updateEndpoint (C:\Users\mishr\AppData\Roaming\npm\node_modules\firebase-tools\lib\deploy\functions\release\fabricator.js:160:13)
    at async handle (C:\Users\mishr\AppData\Roaming\npm\node_modules\firebase-tools\lib\deploy\functions\release\fabricator.js:89:17)
[error] 
[error] Error: There was an error deploying functions
